<?xml version="1.0" encoding="UTF-8" ?>
<testsuite tests="1" failures="0" name="com.taotao.controller.TestPageHelper" time="2.548" errors="1" skipped="0">
  <properties>
[...]
</properties>
  <testcase classname="com.taotao.controller.TestPageHelper" name="TestPageHelper" time="2.548">
    <error message="org.apache.ibatis.reflection.MetaObject.forObject(Ljava/lang/Object;Lorg/apache/ibatis/reflection/factory/ObjectFactory;Lorg/apache/ibatis/reflection/wrapper/ObjectWrapperFactory;)Lorg/apache/ibatis/reflection/MetaObject;" type="java.lang.NoSuchMethodError">java.lang.NoSuchMethodError: org.apache.ibatis.reflection.MetaObject.forObject(Ljava/lang/Object;Lorg/apache/ibatis/reflection/factory/ObjectFactory;Lorg/apache/ibatis/reflection/wrapper/ObjectWrapperFactory;)Lorg/apache/ibatis/reflection/MetaObject;
	at com.github.pagehelper.SqlUtil.forObject(SqlUtil.java:78)
	at com.github.pagehelper.SqlUtil.getsqlSource(SqlUtil.java:521)
	at com.github.pagehelper.SqlUtil.getMappedStatement(SqlUtil.java:444)
	at com.github.pagehelper.SqlUtil.processCountMappedStatement(SqlUtil.java:143)
	at com.github.pagehelper.PageHelper.intercept(PageHelper.java:140)
	at org.apache.ibatis.plugin.Plugin.invoke(Plugin.java:61)
	at com.sun.proxy.$Proxy31.query(Unknown Source)
	at org.apache.ibatis.session.defaults.DefaultSqlSession.selectList(DefaultSqlSession.java:148)
	at org.apache.ibatis.session.defaults.DefaultSqlSession.selectList(DefaultSqlSession.java:141)
	at sun.reflect.NativeMethodAccessorImpl.invoke0(Native Method)
	at sun.reflect.NativeMethodAccessorImpl.invoke(NativeMethodAccessorImpl.java:62)
	at sun.reflect.DelegatingMethodAccessorImpl.invoke(DelegatingMethodAccessorImpl.java:43)
	at java.lang.reflect.Method.invoke(Method.java:498)
	at org.mybatis.spring.SqlSessionTemplate$SqlSessionInterceptor.invoke(SqlSessionTemplate.java:433)
	at com.sun.proxy.$Proxy12.selectList(Unknown Source)
	at org.mybatis.spring.SqlSessionTemplate.selectList(SqlSessionTemplate.java:230)
	at org.apache.ibatis.binding.MapperMethod.executeForMany(MapperMethod.java:137)
	at org.apache.ibatis.binding.MapperMethod.execute(MapperMethod.java:75)
	at org.apache.ibatis.binding.MapperProxy.invoke(MapperProxy.java:59)
	at com.sun.proxy.$Proxy25.selectByExample(Unknown Source)
	at com.taotao.controller.TestPageHelper.TestPageHelper(TestPageHelper.java:26)
	at sun.reflect.NativeMethodAccessorImpl.invoke0(Native Method)
	at sun.reflect.NativeMethodAccessorImpl.invoke(NativeMethodAccessorImpl.java:62)
	at sun.reflect.DelegatingMethodAccessorImpl.invoke(DelegatingMethodAccessorImpl.java:43)
	at java.lang.reflect.Method.invoke(Method.java:498)
	at org.junit.runners.model.FrameworkMethod$1.runReflectiveCall(FrameworkMethod.java:50)
	at org.junit.internal.runners.model.ReflectiveCallable.run(ReflectiveCallable.java:12)
	at org.junit.runners.model.FrameworkMethod.invokeExplosively(FrameworkMethod.java:47)
	at org.junit.internal.runners.statements.InvokeMethod.evaluate(InvokeMethod.java:17)
	at org.junit.runners.ParentRunner.runLeaf(ParentRunner.java:325)
	at org.junit.runners.BlockJUnit4ClassRunner.runChild(BlockJUnit4ClassRunner.java:78)
	at org.junit.runners.BlockJUnit4ClassRunner.runChild(BlockJUnit4ClassRunner.java:57)
	at org.junit.runners.ParentRunner$3.run(ParentRunner.java:290)
	at org.junit.runners.ParentRunner$1.schedule(ParentRunner.java:71)
	at org.junit.runners.ParentRunner.runChildren(ParentRunner.java:288)
	at org.junit.runners.ParentRunner.access$000(ParentRunner.java:58)
	at org.junit.runners.ParentRunner$2.evaluate(ParentRunner.java:268)
	at org.junit.runners.ParentRunner.run(ParentRunner.java:363)
	at org.apache.maven.surefire.junit4.JUnit4Provider.execute(JUnit4Provider.java:252)
	at org.apache.maven.surefire.junit4.JUnit4Provider.executeTestSet(JUnit4Provider.java:141)
	at org.apache.maven.surefire.junit4.JUnit4Provider.invoke(JUnit4Provider.java:112)
	at sun.reflect.NativeMethodAccessorImpl.invoke0(Native Method)
	at sun.reflect.NativeMethodAccessorImpl.invoke(NativeMethodAccessorImpl.java:62)
	at sun.reflect.DelegatingMethodAccessorImpl.invoke(DelegatingMethodAccessorImpl.java:43)
	at java.lang.reflect.Method.invoke(Method.java:498)
	at org.apache.maven.surefire.util.ReflectionUtils.invokeMethodWithArray(ReflectionUtils.java:189)
	at org.apache.maven.surefire.booter.ProviderFactory$ProviderProxy.invoke(ProviderFactory.java:165)
	at org.apache.maven.surefire.booter.ProviderFactory.invokeProvider(ProviderFactory.java:85)
	at org.apache.maven.surefire.booter.ForkedBooter.runSuitesInProcess(ForkedBooter.java:115)
	at org.apache.maven.surefire.booter.ForkedBooter.main(ForkedBooter.java:75)
</error>
    <system-out>2019-03-27 19:10:09,856 [main] [org.springframework.core.env.StandardEnvironment]-[DEBUG] Adding [systemProperties] PropertySource with lowest search precedence
2019-03-27 19:10:09,859 [main] [org.springframework.core.env.StandardEnvironment]-[DEBUG] Adding [systemEnvironment] PropertySource with lowest search precedence
2019-03-27 19:10:09,860 [main] [org.springframework.core.env.StandardEnvironment]-[DEBUG] Initialized StandardEnvironment with PropertySources [systemProperties,systemEnvironment]
2019-03-27 19:10:09,901 [main] [org.springframework.context.support.ClassPathXmlApplicationContext]-[INFO] Refreshing org.springframework.context.support.ClassPathXmlApplicationContext@735b478: startup date [Wed Mar 27 19:10:09 CST 2019]; root of context hierarchy
2019-03-27 19:10:10,008 [main] [org.springframework.core.env.StandardEnvironment]-[DEBUG] Adding [systemProperties] PropertySource with lowest search precedence
2019-03-27 19:10:10,009 [main] [org.springframework.core.env.StandardEnvironment]-[DEBUG] Adding [systemEnvironment] PropertySource with lowest search precedence
2019-03-27 19:10:10,009 [main] [org.springframework.core.env.StandardEnvironment]-[DEBUG] Initialized StandardEnvironment with PropertySources [systemProperties,systemEnvironment]
2019-03-27 19:10:10,024 [main] [org.springframework.core.io.support.PathMatchingResourcePatternResolver]-[DEBUG] Looking for matching resources in directory tree [D:\eclipse\workSpace\taotao-manager\taotao-manager-web\target\classes\spring]
2019-03-27 19:10:10,024 [main] [org.springframework.core.io.support.PathMatchingResourcePatternResolver]-[DEBUG] Searching directory [D:\eclipse\workSpace\taotao-manager\taotao-manager-web\target\classes\spring] for files matching pattern [D:/eclipse/workSpace/taotao-manager/taotao-manager-web/target/classes/spring/applicationContext-*.xml]
2019-03-27 19:10:10,027 [main] [org.springframework.core.io.support.PathMatchingResourcePatternResolver]-[DEBUG] Resolved location pattern [classpath:spring/applicationContext-*.xml] to resources [file [D:\eclipse\workSpace\taotao-manager\taotao-manager-web\target\classes\spring\applicationContext-dao.xml], file [D:\eclipse\workSpace\taotao-manager\taotao-manager-web\target\classes\spring\applicationContext-service.xml], file [D:\eclipse\workSpace\taotao-manager\taotao-manager-web\target\classes\spring\applicationContext-trans.xml]]
2019-03-27 19:10:10,028 [main] [org.springframework.beans.factory.xml.XmlBeanDefinitionReader]-[INFO] Loading XML bean definitions from file [D:\eclipse\workSpace\taotao-manager\taotao-manager-web\target\classes\spring\applicationContext-dao.xml]
2019-03-27 19:10:10,049 [main] [org.springframework.beans.factory.xml.DefaultDocumentLoader]-[DEBUG] Using JAXP provider [com.sun.org.apache.xerces.internal.jaxp.DocumentBuilderFactoryImpl]
2019-03-27 19:10:10,086 [main] [org.springframework.beans.factory.xml.PluggableSchemaResolver]-[DEBUG] Loading schema mappings from [META-INF/spring.schemas]
2019-03-27 19:10:10,100 [main] [org.springframework.beans.factory.xml.PluggableSchemaResolver]-[DEBUG] Loaded schema mappings: {http://www.springframework.org/schema/tx/spring-tx-2.5.xsd=org/springframework/transaction/config/spring-tx-2.5.xsd, http://www.springframework.org/schema/aop/spring-aop-4.1.xsd=org/springframework/aop/config/spring-aop-4.1.xsd, http://www.springframework.org/schema/context/spring-context-3.1.xsd=org/springframework/context/config/spring-context-3.1.xsd, http://www.springframework.org/schema/jdbc/spring-jdbc-4.1.xsd=org/springframework/jdbc/config/spring-jdbc-4.1.xsd, http://www.springframework.org/schema/mvc/spring-mvc-4.1.xsd=org/springframework/web/servlet/config/spring-mvc-4.1.xsd, http://www.springframework.org/schema/util/spring-util-3.0.xsd=org/springframework/beans/factory/xml/spring-util-3.0.xsd, http://www.springframework.org/schema/tool/spring-tool.xsd=org/springframework/beans/factory/xml/spring-tool-4.1.xsd, http://www.springframework.org/schema/aop/spring-aop-3.2.xsd=org/springframework/aop/config/spring-aop-3.2.xsd, http://mybatis.org/schema/mybatis-spring-1.2.xsd=org/mybatis/spring/config/mybatis-spring-1.2.xsd, http://www.springframework.org/schema/lang/spring-lang-4.1.xsd=org/springframework/scripting/config/spring-lang-4.1.xsd, http://www.springframework.org/schema/context/spring-context-4.0.xsd=org/springframework/context/config/spring-context-4.0.xsd, http://www.springframework.org/schema/mvc/spring-mvc-3.2.xsd=org/springframework/web/servlet/config/spring-mvc-3.2.xsd, http://www.springframework.org/schema/tool/spring-tool-4.1.xsd=org/springframework/beans/factory/xml/spring-tool-4.1.xsd, http://www.springframework.org/schema/lang/spring-lang-3.2.xsd=org/springframework/scripting/config/spring-lang-3.2.xsd, http://www.springframework.org/schema/cache/spring-cache-3.2.xsd=org/springframework/cache/config/spring-cache-3.2.xsd, http://www.springframework.org/schema/jee/spring-jee-4.1.xsd=org/springframework/ejb/config/spring-jee-4.1.xsd, http://www.springframework.org/schema/jdbc/spring-jdbc-3.1.xsd=org/springframework/jdbc/config/spring-jdbc-3.1.xsd, http://www.springframework.org/schema/util/spring-util-2.0.xsd=org/springframework/beans/factory/xml/spring-util-2.0.xsd, http://www.springframework.org/schema/tool/spring-tool-3.2.xsd=org/springframework/beans/factory/xml/spring-tool-3.2.xsd, http://www.springframework.org/schema/context/spring-context.xsd=org/springframework/context/config/spring-context-4.1.xsd, http://www.springframework.org/schema/cache/spring-cache-4.1.xsd=org/springframework/cache/config/spring-cache-4.1.xsd, http://www.springframework.org/schema/aop/spring-aop-4.0.xsd=org/springframework/aop/config/spring-aop-4.0.xsd, http://www.springframework.org/schema/jee/spring-jee-3.2.xsd=org/springframework/ejb/config/spring-jee-3.2.xsd, http://www.springframework.org/schema/context/spring-context-3.0.xsd=org/springframework/context/config/spring-context-3.0.xsd, http://www.springframework.org/schema/jdbc/spring-jdbc-4.0.xsd=org/springframework/jdbc/config/spring-jdbc-4.0.xsd, http://www.springframework.org/schema/mvc/spring-mvc-4.0.xsd=org/springframework/web/servlet/config/spring-mvc-4.0.xsd, http://www.springframework.org/schema/util/spring-util-2.5.xsd=org/springframework/beans/factory/xml/spring-util-2.5.xsd, http://www.springframework.org/schema/beans/spring-beans-3.2.xsd=org/springframework/beans/factory/xml/spring-beans-3.2.xsd, http://www.springframework.org/schema/aop/spring-aop-3.1.xsd=org/springframework/aop/config/spring-aop-3.1.xsd, http://www.springframework.org/schema/lang/spring-lang-4.0.xsd=org/springframework/scripting/config/spring-lang-4.0.xsd, http://www.springframework.org/schema/mvc/spring-mvc.xsd=org/springframework/web/servlet/config/spring-mvc-4.1.xsd, http://www.springframework.org/schema/mvc/spring-mvc-3.1.xsd=org/springframework/web/servlet/config/spring-mvc-3.1.xsd, http://www.springframework.org/schema/beans/spring-beans-4.1.xsd=org/springframework/beans/factory/xml/spring-beans-4.1.xsd, http://www.springframework.org/schema/tool/spring-tool-4.0.xsd=org/springframework/beans/factory/xml/spring-tool-4.0.xsd, http://www.springframework.org/schema/tx/spring-tx-3.2.xsd=org/springframework/transaction/config/spring-tx-3.2.xsd, http://www.springframework.org/schema/lang/spring-lang-3.1.xsd=org/springframework/scripting/config/spring-lang-3.1.xsd, http://www.springframework.org/schema/cache/spring-cache-3.1.xsd=org/springframework/cache/config/spring-cache-3.1.xsd, http://www.springframework.org/schema/jee/spring-jee-4.0.xsd=org/springframework/ejb/config/spring-jee-4.0.xsd, http://www.springframework.org/schema/jdbc/spring-jdbc-3.0.xsd=org/springframework/jdbc/config/spring-jdbc-3.0.xsd, http://www.springframework.org/schema/task/spring-task-4.1.xsd=org/springframework/scheduling/config/spring-task-4.1.xsd, http://www.springframework.org/schema/jdbc/spring-jdbc.xsd=org/springframework/jdbc/config/spring-jdbc-4.1.xsd, http://www.springframework.org/schema/tool/spring-tool-3.1.xsd=org/springframework/beans/factory/xml/spring-tool-3.1.xsd, http://www.springframework.org/schema/tx/spring-tx-4.1.xsd=org/springframework/transaction/config/spring-tx-4.1.xsd, http://www.springframework.org/schema/cache/spring-cache-4.0.xsd=org/springframework/cache/config/spring-cache-4.0.xsd, http://www.springframework.org/schema/jee/spring-jee-3.1.xsd=org/springframework/ejb/config/spring-jee-3.1.xsd, http://www.springframework.org/schema/task/spring-task-3.2.xsd=org/springframework/scheduling/config/spring-task-3.2.xsd, http://www.springframework.org/schema/beans/spring-beans-3.1.xsd=org/springframework/beans/factory/xml/spring-beans-3.1.xsd, http://www.springframework.org/schema/util/spring-util.xsd=org/springframework/beans/factory/xml/spring-util-4.1.xsd, http://www.springframework.org/schema/aop/spring-aop-3.0.xsd=org/springframework/aop/config/spring-aop-3.0.xsd, http://www.springframework.org/schema/mvc/spring-mvc-3.0.xsd=org/springframework/web/servlet/config/spring-mvc-3.0.xsd, http://www.springframework.org/schema/beans/spring-beans-4.0.xsd=org/springframework/beans/factory/xml/spring-beans-4.0.xsd, http://www.springframework.org/schema/beans/spring-beans.xsd=org/springframework/beans/factory/xml/spring-beans-4.1.xsd, http://www.springframework.org/schema/tx/spring-tx-3.1.xsd=org/springframework/transaction/config/spring-tx-3.1.xsd, http://www.springframework.org/schema/lang/spring-lang-3.0.xsd=org/springframework/scripting/config/spring-lang-3.0.xsd, http://mybatis.org/schema/mybatis-spring.xsd=org/mybatis/spring/config/mybatis-spring-1.2.xsd, http://www.springframework.org/schema/context/spring-context-2.5.xsd=org/springframework/context/config/spring-context-2.5.xsd, http://www.springframework.org/schema/task/spring-task-4.0.xsd=org/springframework/scheduling/config/spring-task-4.0.xsd, http://www.springframework.org/schema/tool/spring-tool-3.0.xsd=org/springframework/beans/factory/xml/spring-tool-3.0.xsd, http://www.springframework.org/schema/tx/spring-tx-4.0.xsd=org/springframework/transaction/config/spring-tx-4.0.xsd, http://www.springframework.org/schema/aop/spring-aop-2.0.xsd=org/springframework/aop/config/spring-aop-2.0.xsd, http://www.springframework.org/schema/jee/spring-jee-3.0.xsd=org/springframework/ejb/config/spring-jee-3.0.xsd, http://www.springframework.org/schema/util/spring-util-4.1.xsd=org/springframework/beans/factory/xml/spring-util-4.1.xsd, http://www.springframework.org/schema/task/spring-task-3.1.xsd=org/springframework/scheduling/config/spring-task-3.1.xsd, http://www.springframework.org/schema/beans/spring-beans-3.0.xsd=org/springframework/beans/factory/xml/spring-beans-3.0.xsd, http://www.springframework.org/schema/jee/spring-jee.xsd=org/springframework/ejb/config/spring-jee-4.1.xsd, http://www.springframework.org/schema/aop/spring-aop-2.5.xsd=org/springframework/aop/config/spring-aop-2.5.xsd, http://www.springframework.org/schema/lang/spring-lang-2.0.xsd=org/springframework/scripting/config/spring-lang-2.0.xsd, http://www.springframework.org/schema/util/spring-util-3.2.xsd=org/springframework/beans/factory/xml/spring-util-3.2.xsd, http://www.springframework.org/schema/task/spring-task.xsd=org/springframework/scheduling/config/spring-task-4.1.xsd, http://www.springframework.org/schema/tool/spring-tool-2.0.xsd=org/springframework/beans/factory/xml/spring-tool-2.0.xsd, http://www.springframework.org/schema/tx/spring-tx-3.0.xsd=org/springframework/transaction/config/spring-tx-3.0.xsd, http://www.springframework.org/schema/lang/spring-lang-2.5.xsd=org/springframework/scripting/config/spring-lang-2.5.xsd, http://www.springframework.org/schema/jee/spring-jee-2.0.xsd=org/springframework/ejb/config/spring-jee-2.0.xsd, http://www.springframework.org/schema/tool/spring-tool-2.5.xsd=org/springframework/beans/factory/xml/spring-tool-2.5.xsd, http://www.springframework.org/schema/jee/spring-jee-2.5.xsd=org/springframework/ejb/config/spring-jee-2.5.xsd, http://www.springframework.org/schema/util/spring-util-4.0.xsd=org/springframework/beans/factory/xml/spring-util-4.0.xsd, http://www.springframework.org/schema/task/spring-task-3.0.xsd=org/springframework/scheduling/config/spring-task-3.0.xsd, http://www.springframework.org/schema/lang/spring-lang.xsd=org/springframework/scripting/config/spring-lang-4.1.xsd, http://www.springframework.org/schema/context/spring-context-3.2.xsd=org/springframework/context/config/spring-context-3.2.xsd, http://www.springframework.org/schema/util/spring-util-3.1.xsd=org/springframework/beans/factory/xml/spring-util-3.1.xsd, http://www.springframework.org/schema/beans/spring-beans-2.0.xsd=org/springframework/beans/factory/xml/spring-beans-2.0.xsd, http://www.springframework.org/schema/cache/spring-cache.xsd=org/springframework/cache/config/spring-cache-4.1.xsd, http://www.springframework.org/schema/tx/spring-tx.xsd=org/springframework/transaction/config/spring-tx-4.1.xsd, http://www.springframework.org/schema/context/spring-context-4.1.xsd=org/springframework/context/config/spring-context-4.1.xsd, http://www.springframework.org/schema/beans/spring-beans-2.5.xsd=org/springframework/beans/factory/xml/spring-beans-2.5.xsd, http://www.springframework.org/schema/tx/spring-tx-2.0.xsd=org/springframework/transaction/config/spring-tx-2.0.xsd, http://www.springframework.org/schema/jdbc/spring-jdbc-3.2.xsd=org/springframework/jdbc/config/spring-jdbc-3.2.xsd, http://www.springframework.org/schema/aop/spring-aop.xsd=org/springframework/aop/config/spring-aop-4.1.xsd}
2019-03-27 19:10:10,104 [main] [org.springframework.beans.factory.xml.PluggableSchemaResolver]-[DEBUG] Found XML schema [http://www.springframework.org/schema/beans/spring-beans-4.0.xsd] in classpath: org/springframework/beans/factory/xml/spring-beans-4.0.xsd
2019-03-27 19:10:10,147 [main] [org.springframework.beans.factory.xml.PluggableSchemaResolver]-[DEBUG] Found XML schema [http://www.springframework.org/schema/context/spring-context-4.0.xsd] in classpath: org/springframework/context/config/spring-context-4.0.xsd
2019-03-27 19:10:10,166 [main] [org.springframework.beans.factory.xml.PluggableSchemaResolver]-[DEBUG] Found XML schema [http://www.springframework.org/schema/tool/spring-tool-4.0.xsd] in classpath: org/springframework/beans/factory/xml/spring-tool-4.0.xsd
2019-03-27 19:10:10,188 [main] [org.springframework.beans.factory.xml.DefaultBeanDefinitionDocumentReader]-[DEBUG] Loading bean definitions
2019-03-27 19:10:10,201 [main] [org.springframework.beans.factory.xml.DefaultNamespaceHandlerResolver]-[DEBUG] Loaded NamespaceHandler mappings: {http://www.springframework.org/schema/p=org.springframework.beans.factory.xml.SimplePropertyNamespaceHandler, http://www.springframework.org/schema/mvc=org.springframework.web.servlet.config.MvcNamespaceHandler, http://www.springframework.org/schema/util=org.springframework.beans.factory.xml.UtilNamespaceHandler, http://www.springframework.org/schema/jee=org.springframework.ejb.config.JeeNamespaceHandler, http://www.springframework.org/schema/aop=org.springframework.aop.config.AopNamespaceHandler, http://www.springframework.org/schema/jdbc=org.springframework.jdbc.config.JdbcNamespaceHandler, http://www.springframework.org/schema/cache=org.springframework.cache.config.CacheNamespaceHandler, http://mybatis.org/schema/mybatis-spring=org.mybatis.spring.config.NamespaceHandler, http://www.springframework.org/schema/c=org.springframework.beans.factory.xml.SimpleConstructorNamespaceHandler, http://www.springframework.org/schema/tx=org.springframework.transaction.config.TxNamespaceHandler, http://www.springframework.org/schema/task=org.springframework.scheduling.config.TaskNamespaceHandler, http://www.springframework.org/schema/lang=org.springframework.scripting.config.LangNamespaceHandler, http://www.springframework.org/schema/context=org.springframework.context.config.ContextNamespaceHandler}
2019-03-27 19:10:10,220 [main] [org.springframework.beans.factory.xml.BeanDefinitionParserDelegate]-[DEBUG] Neither XML &apos;id&apos; nor &apos;name&apos; specified - using generated bean name [org.mybatis.spring.mapper.MapperScannerConfigurer#0]
2019-03-27 19:10:10,220 [main] [org.springframework.beans.factory.xml.XmlBeanDefinitionReader]-[INFO] Loading XML bean definitions from file [D:\eclipse\workSpace\taotao-manager\taotao-manager-web\target\classes\spring\applicationContext-service.xml]
2019-03-27 19:10:10,222 [main] [org.springframework.beans.factory.xml.DefaultDocumentLoader]-[DEBUG] Using JAXP provider [com.sun.org.apache.xerces.internal.jaxp.DocumentBuilderFactoryImpl]
2019-03-27 19:10:10,226 [main] [org.springframework.beans.factory.xml.PluggableSchemaResolver]-[DEBUG] Found XML schema [http://www.springframework.org/schema/beans/spring-beans-4.0.xsd] in classpath: org/springframework/beans/factory/xml/spring-beans-4.0.xsd
2019-03-27 19:10:10,274 [main] [org.springframework.beans.factory.xml.PluggableSchemaResolver]-[DEBUG] Found XML schema [http://www.springframework.org/schema/context/spring-context-4.0.xsd] in classpath: org/springframework/context/config/spring-context-4.0.xsd
2019-03-27 19:10:10,401 [main] [org.springframework.beans.factory.xml.PluggableSchemaResolver]-[DEBUG] Found XML schema [http://www.springframework.org/schema/tool/spring-tool-4.0.xsd] in classpath: org/springframework/beans/factory/xml/spring-tool-4.0.xsd
2019-03-27 19:10:10,427 [main] [org.springframework.beans.factory.xml.DefaultBeanDefinitionDocumentReader]-[DEBUG] Loading bean definitions
2019-03-27 19:10:10,431 [main] [org.springframework.core.env.StandardEnvironment]-[DEBUG] Adding [systemProperties] PropertySource with lowest search precedence
2019-03-27 19:10:10,432 [main] [org.springframework.core.env.StandardEnvironment]-[DEBUG] Adding [systemEnvironment] PropertySource with lowest search precedence
2019-03-27 19:10:10,432 [main] [org.springframework.core.env.StandardEnvironment]-[DEBUG] Initialized StandardEnvironment with PropertySources [systemProperties,systemEnvironment]
2019-03-27 19:10:10,442 [main] [org.springframework.core.io.support.PathMatchingResourcePatternResolver]-[DEBUG] Looking for matching resources in jar file [file:/D:/eclipse/workSpace/taotao-manager/taotao-manager-service/target/taotao-manager-service.jar]
2019-03-27 19:10:10,444 [main] [org.springframework.core.io.support.PathMatchingResourcePatternResolver]-[DEBUG] Resolved location pattern [classpath*:com/taotao/service/**/*.class] to resources [URL [jar:file:/D:/eclipse/workSpace/taotao-manager/taotao-manager-service/target/taotao-manager-service.jar!/com/taotao/service/ContentCategoryService.class], URL [jar:file:/D:/eclipse/workSpace/taotao-manager/taotao-manager-service/target/taotao-manager-service.jar!/com/taotao/service/ContentService.class], URL [jar:file:/D:/eclipse/workSpace/taotao-manager/taotao-manager-service/target/taotao-manager-service.jar!/com/taotao/service/ItemCatService.class], URL [jar:file:/D:/eclipse/workSpace/taotao-manager/taotao-manager-service/target/taotao-manager-service.jar!/com/taotao/service/ItemParamItemService.class], URL [jar:file:/D:/eclipse/workSpace/taotao-manager/taotao-manager-service/target/taotao-manager-service.jar!/com/taotao/service/ItemParamService.class], URL [jar:file:/D:/eclipse/workSpace/taotao-manager/taotao-manager-service/target/taotao-manager-service.jar!/com/taotao/service/ItemService.class], URL [jar:file:/D:/eclipse/workSpace/taotao-manager/taotao-manager-service/target/taotao-manager-service.jar!/com/taotao/service/PictureService.class], URL [jar:file:/D:/eclipse/workSpace/taotao-manager/taotao-manager-service/target/taotao-manager-service.jar!/com/taotao/service/pojo/ContentServiceImpl.class], URL [jar:file:/D:/eclipse/workSpace/taotao-manager/taotao-manager-service/target/taotao-manager-service.jar!/com/taotao/service/pojo/ContextCategoryServiceImpl.class], URL [jar:file:/D:/eclipse/workSpace/taotao-manager/taotao-manager-service/target/taotao-manager-service.jar!/com/taotao/service/pojo/ItemCatServiceImpl.class], URL [jar:file:/D:/eclipse/workSpace/taotao-manager/taotao-manager-service/target/taotao-manager-service.jar!/com/taotao/service/pojo/ItemParamItemServiceImpl.class], URL [jar:file:/D:/eclipse/workSpace/taotao-manager/taotao-manager-service/target/taotao-manager-service.jar!/com/taotao/service/pojo/ItemParamServiceImpl.class], URL [jar:file:/D:/eclipse/workSpace/taotao-manager/taotao-manager-service/target/taotao-manager-service.jar!/com/taotao/service/pojo/ItemServiceImpl.class], URL [jar:file:/D:/eclipse/workSpace/taotao-manager/taotao-manager-service/target/taotao-manager-service.jar!/com/taotao/service/pojo/PictureServiceImpl.class]]
2019-03-27 19:10:10,491 [main] [org.springframework.context.annotation.ClassPathBeanDefinitionScanner]-[DEBUG] Identified candidate component class: URL [jar:file:/D:/eclipse/workSpace/taotao-manager/taotao-manager-service/target/taotao-manager-service.jar!/com/taotao/service/pojo/ContentServiceImpl.class]
2019-03-27 19:10:10,498 [main] [org.springframework.context.annotation.ClassPathBeanDefinitionScanner]-[DEBUG] Identified candidate component class: URL [jar:file:/D:/eclipse/workSpace/taotao-manager/taotao-manager-service/target/taotao-manager-service.jar!/com/taotao/service/pojo/ContextCategoryServiceImpl.class]
2019-03-27 19:10:10,499 [main] [org.springframework.context.annotation.ClassPathBeanDefinitionScanner]-[DEBUG] Identified candidate component class: URL [jar:file:/D:/eclipse/workSpace/taotao-manager/taotao-manager-service/target/taotao-manager-service.jar!/com/taotao/service/pojo/ItemCatServiceImpl.class]
2019-03-27 19:10:10,500 [main] [org.springframework.context.annotation.ClassPathBeanDefinitionScanner]-[DEBUG] Identified candidate component class: URL [jar:file:/D:/eclipse/workSpace/taotao-manager/taotao-manager-service/target/taotao-manager-service.jar!/com/taotao/service/pojo/ItemParamItemServiceImpl.class]
2019-03-27 19:10:10,501 [main] [org.springframework.context.annotation.ClassPathBeanDefinitionScanner]-[DEBUG] Identified candidate component class: URL [jar:file:/D:/eclipse/workSpace/taotao-manager/taotao-manager-service/target/taotao-manager-service.jar!/com/taotao/service/pojo/ItemParamServiceImpl.class]
2019-03-27 19:10:10,502 [main] [org.springframework.context.annotation.ClassPathBeanDefinitionScanner]-[DEBUG] Identified candidate component class: URL [jar:file:/D:/eclipse/workSpace/taotao-manager/taotao-manager-service/target/taotao-manager-service.jar!/com/taotao/service/pojo/ItemServiceImpl.class]
2019-03-27 19:10:10,503 [main] [org.springframework.context.annotation.ClassPathBeanDefinitionScanner]-[DEBUG] Identified candidate component class: URL [jar:file:/D:/eclipse/workSpace/taotao-manager/taotao-manager-service/target/taotao-manager-service.jar!/com/taotao/service/pojo/PictureServiceImpl.class]
2019-03-27 19:10:10,518 [main] [org.springframework.beans.factory.xml.XmlBeanDefinitionReader]-[INFO] Loading XML bean definitions from file [D:\eclipse\workSpace\taotao-manager\taotao-manager-web\target\classes\spring\applicationContext-trans.xml]
2019-03-27 19:10:10,519 [main] [org.springframework.beans.factory.xml.DefaultDocumentLoader]-[DEBUG] Using JAXP provider [com.sun.org.apache.xerces.internal.jaxp.DocumentBuilderFactoryImpl]
2019-03-27 19:10:10,521 [main] [org.springframework.beans.factory.xml.PluggableSchemaResolver]-[DEBUG] Found XML schema [http://www.springframework.org/schema/beans/spring-beans-4.0.xsd] in classpath: org/springframework/beans/factory/xml/spring-beans-4.0.xsd
2019-03-27 19:10:10,576 [main] [org.springframework.beans.factory.xml.PluggableSchemaResolver]-[DEBUG] Found XML schema [http://www.springframework.org/schema/tx/spring-tx-4.0.xsd] in classpath: org/springframework/transaction/config/spring-tx-4.0.xsd
2019-03-27 19:10:10,609 [main] [org.springframework.beans.factory.xml.PluggableSchemaResolver]-[DEBUG] Found XML schema [http://www.springframework.org/schema/tool/spring-tool-4.0.xsd] in classpath: org/springframework/beans/factory/xml/spring-tool-4.0.xsd
2019-03-27 19:10:10,624 [main] [org.springframework.beans.factory.xml.PluggableSchemaResolver]-[DEBUG] Found XML schema [http://www.springframework.org/schema/aop/spring-aop-4.0.xsd] in classpath: org/springframework/aop/config/spring-aop-4.0.xsd
2019-03-27 19:10:10,627 [main] [org.springframework.beans.factory.xml.DefaultBeanDefinitionDocumentReader]-[DEBUG] Loading bean definitions
2019-03-27 19:10:10,657 [main] [org.springframework.beans.factory.xml.XmlBeanDefinitionReader]-[DEBUG] Loaded 19 bean definitions from location pattern [classpath:spring/applicationContext-*.xml]
2019-03-27 19:10:10,657 [main] [org.springframework.context.support.ClassPathXmlApplicationContext]-[DEBUG] Bean factory for org.springframework.context.support.ClassPathXmlApplicationContext@735b478: org.springframework.beans.factory.support.DefaultListableBeanFactory@1d548a08: defining beans [org.springframework.context.support.PropertySourcesPlaceholderConfigurer#0,dataSource,sqlSessionFactory,org.mybatis.spring.mapper.MapperScannerConfigurer#0,contentServiceImpl,contextCategoryServiceImpl,itemCatServiceImpl,itemParamItemServiceImpl,itemParamServiceImpl,itemServiceImpl,pictureServiceImpl,org.springframework.context.annotation.internalConfigurationAnnotationProcessor,org.springframework.context.annotation.internalAutowiredAnnotationProcessor,org.springframework.context.annotation.internalRequiredAnnotationProcessor,org.springframework.context.annotation.internalCommonAnnotationProcessor,transactionManager,txAdvice,org.springframework.aop.config.internalAutoProxyCreator,org.springframework.aop.support.DefaultBeanFactoryPointcutAdvisor#0]; root of factory hierarchy
2019-03-27 19:10:10,710 [main] [org.springframework.beans.factory.support.DefaultListableBeanFactory]-[DEBUG] Creating shared instance of singleton bean &apos;org.springframework.context.annotation.internalConfigurationAnnotationProcessor&apos;
2019-03-27 19:10:10,711 [main] [org.springframework.beans.factory.support.DefaultListableBeanFactory]-[DEBUG] Creating instance of bean &apos;org.springframework.context.annotation.internalConfigurationAnnotationProcessor&apos;
2019-03-27 19:10:10,727 [main] [org.springframework.beans.factory.support.DefaultListableBeanFactory]-[DEBUG] Eagerly caching bean &apos;org.springframework.context.annotation.internalConfigurationAnnotationProcessor&apos; to allow for resolving potential circular references
2019-03-27 19:10:10,735 [main] [org.springframework.beans.factory.support.DefaultListableBeanFactory]-[DEBUG] Finished creating instance of bean &apos;org.springframework.context.annotation.internalConfigurationAnnotationProcessor&apos;
2019-03-27 19:10:10,844 [main] [org.springframework.beans.factory.support.DefaultListableBeanFactory]-[DEBUG] Creating shared instance of singleton bean &apos;org.mybatis.spring.mapper.MapperScannerConfigurer#0&apos;
2019-03-27 19:10:10,844 [main] [org.springframework.beans.factory.support.DefaultListableBeanFactory]-[DEBUG] Creating instance of bean &apos;org.mybatis.spring.mapper.MapperScannerConfigurer#0&apos;
2019-03-27 19:10:10,845 [main] [org.springframework.beans.factory.support.DefaultListableBeanFactory]-[DEBUG] Eagerly caching bean &apos;org.mybatis.spring.mapper.MapperScannerConfigurer#0&apos; to allow for resolving potential circular references
2019-03-27 19:10:10,878 [main] [org.springframework.beans.factory.support.DefaultListableBeanFactory]-[DEBUG] Invoking afterPropertiesSet() on bean with name &apos;org.mybatis.spring.mapper.MapperScannerConfigurer#0&apos;
2019-03-27 19:10:10,879 [main] [org.springframework.beans.factory.support.DefaultListableBeanFactory]-[DEBUG] Finished creating instance of bean &apos;org.mybatis.spring.mapper.MapperScannerConfigurer#0&apos;
2019-03-27 19:10:10,882 [main] [org.springframework.core.env.StandardEnvironment]-[DEBUG] Adding [systemProperties] PropertySource with lowest search precedence
2019-03-27 19:10:10,882 [main] [org.springframework.core.env.StandardEnvironment]-[DEBUG] Adding [systemEnvironment] PropertySource with lowest search precedence
2019-03-27 19:10:10,882 [main] [org.springframework.core.env.StandardEnvironment]-[DEBUG] Initialized StandardEnvironment with PropertySources [systemProperties,systemEnvironment]
2019-03-27 19:10:10,885 [main] [org.springframework.core.io.support.PathMatchingResourcePatternResolver]-[DEBUG] Looking for matching resources in jar file [file:/D:/eclipse/workSpace/taotao-manager/taotao-manager-mapper/target/taotao-manager-mapper.jar]
2019-03-27 19:10:10,887 [main] [org.springframework.core.io.support.PathMatchingResourcePatternResolver]-[DEBUG] Resolved location pattern [classpath*:com/taotao/mapper/**/*.class] to resources [URL [jar:file:/D:/eclipse/workSpace/taotao-manager/taotao-manager-mapper/target/taotao-manager-mapper.jar!/com/taotao/mapper/TbContentCategoryMapper.class], URL [jar:file:/D:/eclipse/workSpace/taotao-manager/taotao-manager-mapper/target/taotao-manager-mapper.jar!/com/taotao/mapper/TbContentMapper.class], URL [jar:file:/D:/eclipse/workSpace/taotao-manager/taotao-manager-mapper/target/taotao-manager-mapper.jar!/com/taotao/mapper/TbItemCatMapper.class], URL [jar:file:/D:/eclipse/workSpace/taotao-manager/taotao-manager-mapper/target/taotao-manager-mapper.jar!/com/taotao/mapper/TbItemDescMapper.class], URL [jar:file:/D:/eclipse/workSpace/taotao-manager/taotao-manager-mapper/target/taotao-manager-mapper.jar!/com/taotao/mapper/TbItemMapper.class], URL [jar:file:/D:/eclipse/workSpace/taotao-manager/taotao-manager-mapper/target/taotao-manager-mapper.jar!/com/taotao/mapper/TbItemParamItemMapper.class], URL [jar:file:/D:/eclipse/workSpace/taotao-manager/taotao-manager-mapper/target/taotao-manager-mapper.jar!/com/taotao/mapper/TbItemParamMapper.class], URL [jar:file:/D:/eclipse/workSpace/taotao-manager/taotao-manager-mapper/target/taotao-manager-mapper.jar!/com/taotao/mapper/TbOrderItemMapper.class], URL [jar:file:/D:/eclipse/workSpace/taotao-manager/taotao-manager-mapper/target/taotao-manager-mapper.jar!/com/taotao/mapper/TbOrderMapper.class], URL [jar:file:/D:/eclipse/workSpace/taotao-manager/taotao-manager-mapper/target/taotao-manager-mapper.jar!/com/taotao/mapper/TbOrderShippingMapper.class], URL [jar:file:/D:/eclipse/workSpace/taotao-manager/taotao-manager-mapper/target/taotao-manager-mapper.jar!/com/taotao/mapper/TbUserMapper.class]]
2019-03-27 19:10:10,893 [main] [org.mybatis.spring.mapper.ClassPathMapperScanner]-[DEBUG] Identified candidate component class: URL [jar:file:/D:/eclipse/workSpace/taotao-manager/taotao-manager-mapper/target/taotao-manager-mapper.jar!/com/taotao/mapper/TbContentCategoryMapper.class]
2019-03-27 19:10:10,894 [main] [org.mybatis.spring.mapper.ClassPathMapperScanner]-[DEBUG] Identified candidate component class: URL [jar:file:/D:/eclipse/workSpace/taotao-manager/taotao-manager-mapper/target/taotao-manager-mapper.jar!/com/taotao/mapper/TbContentMapper.class]
2019-03-27 19:10:10,895 [main] [org.mybatis.spring.mapper.ClassPathMapperScanner]-[DEBUG] Identified candidate component class: URL [jar:file:/D:/eclipse/workSpace/taotao-manager/taotao-manager-mapper/target/taotao-manager-mapper.jar!/com/taotao/mapper/TbItemCatMapper.class]
2019-03-27 19:10:10,898 [main] [org.mybatis.spring.mapper.ClassPathMapperScanner]-[DEBUG] Identified candidate component class: URL [jar:file:/D:/eclipse/workSpace/taotao-manager/taotao-manager-mapper/target/taotao-manager-mapper.jar!/com/taotao/mapper/TbItemDescMapper.class]
2019-03-27 19:10:10,899 [main] [org.mybatis.spring.mapper.ClassPathMapperScanner]-[DEBUG] Identified candidate component class: URL [jar:file:/D:/eclipse/workSpace/taotao-manager/taotao-manager-mapper/target/taotao-manager-mapper.jar!/com/taotao/mapper/TbItemMapper.class]
2019-03-27 19:10:10,900 [main] [org.mybatis.spring.mapper.ClassPathMapperScanner]-[DEBUG] Identified candidate component class: URL [jar:file:/D:/eclipse/workSpace/taotao-manager/taotao-manager-mapper/target/taotao-manager-mapper.jar!/com/taotao/mapper/TbItemParamItemMapper.class]
2019-03-27 19:10:10,900 [main] [org.mybatis.spring.mapper.ClassPathMapperScanner]-[DEBUG] Identified candidate component class: URL [jar:file:/D:/eclipse/workSpace/taotao-manager/taotao-manager-mapper/target/taotao-manager-mapper.jar!/com/taotao/mapper/TbItemParamMapper.class]
2019-03-27 19:10:10,901 [main] [org.mybatis.spring.mapper.ClassPathMapperScanner]-[DEBUG] Identified candidate component class: URL [jar:file:/D:/eclipse/workSpace/taotao-manager/taotao-manager-mapper/target/taotao-manager-mapper.jar!/com/taotao/mapper/TbOrderItemMapper.class]
2019-03-27 19:10:10,902 [main] [org.mybatis.spring.mapper.ClassPathMapperScanner]-[DEBUG] Identified candidate component class: URL [jar:file:/D:/eclipse/workSpace/taotao-manager/taotao-manager-mapper/target/taotao-manager-mapper.jar!/com/taotao/mapper/TbOrderMapper.class]
2019-03-27 19:10:10,902 [main] [org.mybatis.spring.mapper.ClassPathMapperScanner]-[DEBUG] Identified candidate component class: URL [jar:file:/D:/eclipse/workSpace/taotao-manager/taotao-manager-mapper/target/taotao-manager-mapper.jar!/com/taotao/mapper/TbOrderShippingMapper.class]
2019-03-27 19:10:10,903 [main] [org.mybatis.spring.mapper.ClassPathMapperScanner]-[DEBUG] Identified candidate component class: URL [jar:file:/D:/eclipse/workSpace/taotao-manager/taotao-manager-mapper/target/taotao-manager-mapper.jar!/com/taotao/mapper/TbUserMapper.class]
2019-03-27 19:10:10,903 [main] [org.mybatis.spring.mapper.ClassPathMapperScanner]-[DEBUG] Creating MapperFactoryBean with name &apos;tbContentCategoryMapper&apos; and &apos;com.taotao.mapper.TbContentCategoryMapper&apos; mapperInterface
2019-03-27 19:10:10,904 [main] [org.mybatis.spring.mapper.ClassPathMapperScanner]-[DEBUG] Enabling autowire by type for MapperFactoryBean with name &apos;tbContentCategoryMapper&apos;.
2019-03-27 19:10:10,904 [main] [org.mybatis.spring.mapper.ClassPathMapperScanner]-[DEBUG] Creating MapperFactoryBean with name &apos;tbContentMapper&apos; and &apos;com.taotao.mapper.TbContentMapper&apos; mapperInterface
2019-03-27 19:10:10,904 [main] [org.mybatis.spring.mapper.ClassPathMapperScanner]-[DEBUG] Enabling autowire by type for MapperFactoryBean with name &apos;tbContentMapper&apos;.
2019-03-27 19:10:10,904 [main] [org.mybatis.spring.mapper.ClassPathMapperScanner]-[DEBUG] Creating MapperFactoryBean with name &apos;tbItemCatMapper&apos; and &apos;com.taotao.mapper.TbItemCatMapper&apos; mapperInterface
2019-03-27 19:10:10,904 [main] [org.mybatis.spring.mapper.ClassPathMapperScanner]-[DEBUG] Enabling autowire by type for MapperFactoryBean with name &apos;tbItemCatMapper&apos;.
2019-03-27 19:10:10,905 [main] [org.mybatis.spring.mapper.ClassPathMapperScanner]-[DEBUG] Creating MapperFactoryBean with name &apos;tbItemDescMapper&apos; and &apos;com.taotao.mapper.TbItemDescMapper&apos; mapperInterface
2019-03-27 19:10:10,905 [main] [org.mybatis.spring.mapper.ClassPathMapperScanner]-[DEBUG] Enabling autowire by type for MapperFactoryBean with name &apos;tbItemDescMapper&apos;.
2019-03-27 19:10:10,905 [main] [org.mybatis.spring.mapper.ClassPathMapperScanner]-[DEBUG] Creating MapperFactoryBean with name &apos;tbItemMapper&apos; and &apos;com.taotao.mapper.TbItemMapper&apos; mapperInterface
2019-03-27 19:10:10,905 [main] [org.mybatis.spring.mapper.ClassPathMapperScanner]-[DEBUG] Enabling autowire by type for MapperFactoryBean with name &apos;tbItemMapper&apos;.
2019-03-27 19:10:10,905 [main] [org.mybatis.spring.mapper.ClassPathMapperScanner]-[DEBUG] Creating MapperFactoryBean with name &apos;tbItemParamItemMapper&apos; and &apos;com.taotao.mapper.TbItemParamItemMapper&apos; mapperInterface
2019-03-27 19:10:10,905 [main] [org.mybatis.spring.mapper.ClassPathMapperScanner]-[DEBUG] Enabling autowire by type for MapperFactoryBean with name &apos;tbItemParamItemMapper&apos;.
2019-03-27 19:10:10,905 [main] [org.mybatis.spring.mapper.ClassPathMapperScanner]-[DEBUG] Creating MapperFactoryBean with name &apos;tbItemParamMapper&apos; and &apos;com.taotao.mapper.TbItemParamMapper&apos; mapperInterface
2019-03-27 19:10:10,905 [main] [org.mybatis.spring.mapper.ClassPathMapperScanner]-[DEBUG] Enabling autowire by type for MapperFactoryBean with name &apos;tbItemParamMapper&apos;.
2019-03-27 19:10:10,906 [main] [org.mybatis.spring.mapper.ClassPathMapperScanner]-[DEBUG] Creating MapperFactoryBean with name &apos;tbOrderItemMapper&apos; and &apos;com.taotao.mapper.TbOrderItemMapper&apos; mapperInterface
2019-03-27 19:10:10,907 [main] [org.mybatis.spring.mapper.ClassPathMapperScanner]-[DEBUG] Enabling autowire by type for MapperFactoryBean with name &apos;tbOrderItemMapper&apos;.
2019-03-27 19:10:10,907 [main] [org.mybatis.spring.mapper.ClassPathMapperScanner]-[DEBUG] Creating MapperFactoryBean with name &apos;tbOrderMapper&apos; and &apos;com.taotao.mapper.TbOrderMapper&apos; mapperInterface
2019-03-27 19:10:10,907 [main] [org.mybatis.spring.mapper.ClassPathMapperScanner]-[DEBUG] Enabling autowire by type for MapperFactoryBean with name &apos;tbOrderMapper&apos;.
2019-03-27 19:10:10,908 [main] [org.mybatis.spring.mapper.ClassPathMapperScanner]-[DEBUG] Creating MapperFactoryBean with name &apos;tbOrderShippingMapper&apos; and &apos;com.taotao.mapper.TbOrderShippingMapper&apos; mapperInterface
2019-03-27 19:10:10,908 [main] [org.mybatis.spring.mapper.ClassPathMapperScanner]-[DEBUG] Enabling autowire by type for MapperFactoryBean with name &apos;tbOrderShippingMapper&apos;.
2019-03-27 19:10:10,908 [main] [org.mybatis.spring.mapper.ClassPathMapperScanner]-[DEBUG] Creating MapperFactoryBean with name &apos;tbUserMapper&apos; and &apos;com.taotao.mapper.TbUserMapper&apos; mapperInterface
2019-03-27 19:10:10,908 [main] [org.mybatis.spring.mapper.ClassPathMapperScanner]-[DEBUG] Enabling autowire by type for MapperFactoryBean with name &apos;tbUserMapper&apos;.
2019-03-27 19:10:10,917 [main] [org.springframework.beans.factory.support.DefaultListableBeanFactory]-[DEBUG] Creating shared instance of singleton bean &apos;org.springframework.context.support.PropertySourcesPlaceholderConfigurer#0&apos;
2019-03-27 19:10:10,917 [main] [org.springframework.beans.factory.support.DefaultListableBeanFactory]-[DEBUG] Creating instance of bean &apos;org.springframework.context.support.PropertySourcesPlaceholderConfigurer#0&apos;
2019-03-27 19:10:10,918 [main] [org.springframework.beans.factory.support.DefaultListableBeanFactory]-[DEBUG] Eagerly caching bean &apos;org.springframework.context.support.PropertySourcesPlaceholderConfigurer#0&apos; to allow for resolving potential circular references
2019-03-27 19:10:10,932 [main] [org.springframework.core.io.support.PathMatchingResourcePatternResolver]-[DEBUG] Looking for matching resources in directory tree [D:\eclipse\workSpace\taotao-manager\taotao-manager-web\target\classes\resource]
2019-03-27 19:10:10,932 [main] [org.springframework.core.io.support.PathMatchingResourcePatternResolver]-[DEBUG] Searching directory [D:\eclipse\workSpace\taotao-manager\taotao-manager-web\target\classes\resource] for files matching pattern [D:/eclipse/workSpace/taotao-manager/taotao-manager-web/target/classes/resource/*.properties]
2019-03-27 19:10:10,933 [main] [org.springframework.core.io.support.PathMatchingResourcePatternResolver]-[DEBUG] Resolved location pattern [classpath:resource/*.properties] to resources [file [D:\eclipse\workSpace\taotao-manager\taotao-manager-web\target\classes\resource\db.properties], file [D:\eclipse\workSpace\taotao-manager\taotao-manager-web\target\classes\resource\resource.properties]]
2019-03-27 19:10:10,937 [main] [org.springframework.beans.factory.support.DefaultListableBeanFactory]-[DEBUG] Finished creating instance of bean &apos;org.springframework.context.support.PropertySourcesPlaceholderConfigurer#0&apos;
2019-03-27 19:10:10,938 [main] [org.springframework.core.env.MutablePropertySources]-[DEBUG] Adding [environmentProperties] PropertySource with lowest search precedence
2019-03-27 19:10:10,938 [main] [org.springframework.context.support.PropertySourcesPlaceholderConfigurer]-[INFO] Loading properties file from file [D:\eclipse\workSpace\taotao-manager\taotao-manager-web\target\classes\resource\db.properties]
2019-03-27 19:10:10,939 [main] [org.springframework.context.support.PropertySourcesPlaceholderConfigurer]-[INFO] Loading properties file from file [D:\eclipse\workSpace\taotao-manager\taotao-manager-web\target\classes\resource\resource.properties]
2019-03-27 19:10:10,940 [main] [org.springframework.core.env.MutablePropertySources]-[DEBUG] Adding [localProperties] PropertySource with lowest search precedence
2019-03-27 19:10:10,944 [main] [org.springframework.core.env.PropertySourcesPropertyResolver]-[DEBUG] Searching for key &apos;jdbc.url&apos; in [environmentProperties]
2019-03-27 19:10:10,945 [main] [org.springframework.core.env.PropertySourcesPropertyResolver]-[DEBUG] Searching for key &apos;jdbc.url&apos; in [systemProperties]
2019-03-27 19:10:10,945 [main] [org.springframework.core.env.PropertySourcesPropertyResolver]-[DEBUG] Searching for key &apos;jdbc.url&apos; in [systemEnvironment]
2019-03-27 19:10:10,945 [main] [org.springframework.core.env.PropertySourcesPropertyResolver]-[DEBUG] Could not find key &apos;jdbc.url&apos; in any property source. Returning [null]
2019-03-27 19:10:10,946 [main] [org.springframework.core.env.PropertySourcesPropertyResolver]-[DEBUG] Searching for key &apos;jdbc.url&apos; in [localProperties]
2019-03-27 19:10:10,946 [main] [org.springframework.core.env.PropertySourcesPropertyResolver]-[DEBUG] Found key &apos;jdbc.url&apos; in [localProperties] with type [String] and value &apos;jdbc:mysql://localhost:3306/taotao?characterEncoding=utf-8&apos;
2019-03-27 19:10:10,947 [main] [org.springframework.core.env.PropertySourcesPropertyResolver]-[DEBUG] Searching for key &apos;jdbc.username&apos; in [environmentProperties]
2019-03-27 19:10:10,947 [main] [org.springframework.core.env.PropertySourcesPropertyResolver]-[DEBUG] Searching for key &apos;jdbc.username&apos; in [systemProperties]
2019-03-27 19:10:10,948 [main] [org.springframework.core.env.PropertySourcesPropertyResolver]-[DEBUG] Searching for key &apos;jdbc.username&apos; in [systemEnvironment]
2019-03-27 19:10:10,948 [main] [org.springframework.core.env.PropertySourcesPropertyResolver]-[DEBUG] Could not find key &apos;jdbc.username&apos; in any property source. Returning [null]
2019-03-27 19:10:10,948 [main] [org.springframework.core.env.PropertySourcesPropertyResolver]-[DEBUG] Searching for key &apos;jdbc.username&apos; in [localProperties]
2019-03-27 19:10:10,949 [main] [org.springframework.core.env.PropertySourcesPropertyResolver]-[DEBUG] Found key &apos;jdbc.username&apos; in [localProperties] with type [String] and value &apos;root&apos;
2019-03-27 19:10:10,949 [main] [org.springframework.core.env.PropertySourcesPropertyResolver]-[DEBUG] Searching for key &apos;jdbc.password&apos; in [environmentProperties]
2019-03-27 19:10:10,949 [main] [org.springframework.core.env.PropertySourcesPropertyResolver]-[DEBUG] Searching for key &apos;jdbc.password&apos; in [systemProperties]
2019-03-27 19:10:10,949 [main] [org.springframework.core.env.PropertySourcesPropertyResolver]-[DEBUG] Searching for key &apos;jdbc.password&apos; in [systemEnvironment]
2019-03-27 19:10:10,949 [main] [org.springframework.core.env.PropertySourcesPropertyResolver]-[DEBUG] Could not find key &apos;jdbc.password&apos; in any property source. Returning [null]
2019-03-27 19:10:10,954 [main] [org.springframework.core.env.PropertySourcesPropertyResolver]-[DEBUG] Searching for key &apos;jdbc.password&apos; in [localProperties]
2019-03-27 19:10:10,955 [main] [org.springframework.core.env.PropertySourcesPropertyResolver]-[DEBUG] Found key &apos;jdbc.password&apos; in [localProperties] with type [String] and value &apos;root&apos;
2019-03-27 19:10:10,955 [main] [org.springframework.core.env.PropertySourcesPropertyResolver]-[DEBUG] Searching for key &apos;jdbc.driver&apos; in [environmentProperties]
2019-03-27 19:10:10,955 [main] [org.springframework.core.env.PropertySourcesPropertyResolver]-[DEBUG] Searching for key &apos;jdbc.driver&apos; in [systemProperties]
2019-03-27 19:10:10,955 [main] [org.springframework.core.env.PropertySourcesPropertyResolver]-[DEBUG] Searching for key &apos;jdbc.driver&apos; in [systemEnvironment]
2019-03-27 19:10:10,955 [main] [org.springframework.core.env.PropertySourcesPropertyResolver]-[DEBUG] Could not find key &apos;jdbc.driver&apos; in any property source. Returning [null]
2019-03-27 19:10:10,956 [main] [org.springframework.core.env.PropertySourcesPropertyResolver]-[DEBUG] Searching for key &apos;jdbc.driver&apos; in [localProperties]
2019-03-27 19:10:10,957 [main] [org.springframework.core.env.PropertySourcesPropertyResolver]-[DEBUG] Found key &apos;jdbc.driver&apos; in [localProperties] with type [String] and value &apos;com.mysql.jdbc.Driver&apos;
2019-03-27 19:10:10,966 [main] [org.springframework.beans.factory.support.DefaultListableBeanFactory]-[DEBUG] Creating shared instance of singleton bean &apos;org.springframework.context.annotation.internalAutowiredAnnotationProcessor&apos;
2019-03-27 19:10:10,967 [main] [org.springframework.beans.factory.support.DefaultListableBeanFactory]-[DEBUG] Creating instance of bean &apos;org.springframework.context.annotation.internalAutowiredAnnotationProcessor&apos;
2019-03-27 19:10:10,967 [main] [org.springframework.beans.factory.support.DefaultListableBeanFactory]-[DEBUG] Eagerly caching bean &apos;org.springframework.context.annotation.internalAutowiredAnnotationProcessor&apos; to allow for resolving potential circular references
2019-03-27 19:10:10,968 [main] [org.springframework.beans.factory.support.DefaultListableBeanFactory]-[DEBUG] Finished creating instance of bean &apos;org.springframework.context.annotation.internalAutowiredAnnotationProcessor&apos;
2019-03-27 19:10:10,968 [main] [org.springframework.beans.factory.support.DefaultListableBeanFactory]-[DEBUG] Creating shared instance of singleton bean &apos;org.springframework.context.annotation.internalRequiredAnnotationProcessor&apos;
2019-03-27 19:10:10,968 [main] [org.springframework.beans.factory.support.DefaultListableBeanFactory]-[DEBUG] Creating instance of bean &apos;org.springframework.context.annotation.internalRequiredAnnotationProcessor&apos;
2019-03-27 19:10:10,968 [main] [org.springframework.beans.factory.support.DefaultListableBeanFactory]-[DEBUG] Eagerly caching bean &apos;org.springframework.context.annotation.internalRequiredAnnotationProcessor&apos; to allow for resolving potential circular references
2019-03-27 19:10:10,968 [main] [org.springframework.beans.factory.support.DefaultListableBeanFactory]-[DEBUG] Finished creating instance of bean &apos;org.springframework.context.annotation.internalRequiredAnnotationProcessor&apos;
2019-03-27 19:10:10,969 [main] [org.springframework.beans.factory.support.DefaultListableBeanFactory]-[DEBUG] Creating shared instance of singleton bean &apos;org.springframework.context.annotation.internalCommonAnnotationProcessor&apos;
2019-03-27 19:10:10,969 [main] [org.springframework.beans.factory.support.DefaultListableBeanFactory]-[DEBUG] Creating instance of bean &apos;org.springframework.context.annotation.internalCommonAnnotationProcessor&apos;
2019-03-27 19:10:10,973 [main] [org.springframework.beans.factory.support.DefaultListableBeanFactory]-[DEBUG] Eagerly caching bean &apos;org.springframework.context.annotation.internalCommonAnnotationProcessor&apos; to allow for resolving potential circular references
2019-03-27 19:10:10,973 [main] [org.springframework.beans.factory.support.DefaultListableBeanFactory]-[DEBUG] Finished creating instance of bean &apos;org.springframework.context.annotation.internalCommonAnnotationProcessor&apos;
2019-03-27 19:10:10,973 [main] [org.springframework.beans.factory.support.DefaultListableBeanFactory]-[DEBUG] Creating shared instance of singleton bean &apos;org.springframework.context.annotation.ConfigurationClassPostProcessor.importAwareProcessor&apos;
2019-03-27 19:10:10,976 [main] [org.springframework.beans.factory.support.DefaultListableBeanFactory]-[DEBUG] Creating instance of bean &apos;org.springframework.context.annotation.ConfigurationClassPostProcessor.importAwareProcessor&apos;
2019-03-27 19:10:10,976 [main] [org.springframework.beans.factory.support.DefaultListableBeanFactory]-[DEBUG] Eagerly caching bean &apos;org.springframework.context.annotation.ConfigurationClassPostProcessor.importAwareProcessor&apos; to allow for resolving potential circular references
2019-03-27 19:10:10,976 [main] [org.springframework.beans.factory.support.DefaultListableBeanFactory]-[DEBUG] Finished creating instance of bean &apos;org.springframework.context.annotation.ConfigurationClassPostProcessor.importAwareProcessor&apos;
2019-03-27 19:10:10,977 [main] [org.springframework.beans.factory.support.DefaultListableBeanFactory]-[DEBUG] Creating shared instance of singleton bean &apos;org.springframework.context.annotation.ConfigurationClassPostProcessor.enhancedConfigurationProcessor&apos;
2019-03-27 19:10:10,977 [main] [org.springframework.beans.factory.support.DefaultListableBeanFactory]-[DEBUG] Creating instance of bean &apos;org.springframework.context.annotation.ConfigurationClassPostProcessor.enhancedConfigurationProcessor&apos;
2019-03-27 19:10:10,977 [main] [org.springframework.beans.factory.support.DefaultListableBeanFactory]-[DEBUG] Eagerly caching bean &apos;org.springframework.context.annotation.ConfigurationClassPostProcessor.enhancedConfigurationProcessor&apos; to allow for resolving potential circular references
2019-03-27 19:10:10,977 [main] [org.springframework.beans.factory.support.DefaultListableBeanFactory]-[DEBUG] Finished creating instance of bean &apos;org.springframework.context.annotation.ConfigurationClassPostProcessor.enhancedConfigurationProcessor&apos;
2019-03-27 19:10:10,978 [main] [org.springframework.beans.factory.support.DefaultListableBeanFactory]-[DEBUG] Creating shared instance of singleton bean &apos;org.springframework.aop.config.internalAutoProxyCreator&apos;
2019-03-27 19:10:10,978 [main] [org.springframework.beans.factory.support.DefaultListableBeanFactory]-[DEBUG] Creating instance of bean &apos;org.springframework.aop.config.internalAutoProxyCreator&apos;
2019-03-27 19:10:10,994 [main] [org.springframework.beans.factory.support.DefaultListableBeanFactory]-[DEBUG] Eagerly caching bean &apos;org.springframework.aop.config.internalAutoProxyCreator&apos; to allow for resolving potential circular references
2019-03-27 19:10:11,007 [main] [org.springframework.beans.factory.support.DefaultListableBeanFactory]-[DEBUG] Finished creating instance of bean &apos;org.springframework.aop.config.internalAutoProxyCreator&apos;
2019-03-27 19:10:11,009 [main] [org.springframework.context.support.ClassPathXmlApplicationContext]-[DEBUG] Unable to locate MessageSource with name &apos;messageSource&apos;: using default [org.springframework.context.support.DelegatingMessageSource@a1153bc]
2019-03-27 19:10:11,011 [main] [org.springframework.context.support.ClassPathXmlApplicationContext]-[DEBUG] Unable to locate ApplicationEventMulticaster with name &apos;applicationEventMulticaster&apos;: using default [org.springframework.context.event.SimpleApplicationEventMulticaster@76505305]
2019-03-27 19:10:11,019 [main] [org.springframework.beans.factory.support.DefaultListableBeanFactory]-[DEBUG] Pre-instantiating singletons in org.springframework.beans.factory.support.DefaultListableBeanFactory@1d548a08: defining beans [org.springframework.context.support.PropertySourcesPlaceholderConfigurer#0,dataSource,sqlSessionFactory,org.mybatis.spring.mapper.MapperScannerConfigurer#0,contentServiceImpl,contextCategoryServiceImpl,itemCatServiceImpl,itemParamItemServiceImpl,itemParamServiceImpl,itemServiceImpl,pictureServiceImpl,org.springframework.context.annotation.internalConfigurationAnnotationProcessor,org.springframework.context.annotation.internalAutowiredAnnotationProcessor,org.springframework.context.annotation.internalRequiredAnnotationProcessor,org.springframework.context.annotation.internalCommonAnnotationProcessor,transactionManager,txAdvice,org.springframework.aop.config.internalAutoProxyCreator,org.springframework.aop.support.DefaultBeanFactoryPointcutAdvisor#0,org.springframework.context.annotation.ConfigurationClassPostProcessor.importAwareProcessor,org.springframework.context.annotation.ConfigurationClassPostProcessor.enhancedConfigurationProcessor,tbContentCategoryMapper,tbContentMapper,tbItemCatMapper,tbItemDescMapper,tbItemMapper,tbItemParamItemMapper,tbItemParamMapper,tbOrderItemMapper,tbOrderMapper,tbOrderShippingMapper,tbUserMapper]; root of factory hierarchy
2019-03-27 19:10:11,021 [main] [org.springframework.beans.factory.support.DefaultListableBeanFactory]-[DEBUG] Returning cached instance of singleton bean &apos;org.springframework.context.support.PropertySourcesPlaceholderConfigurer#0&apos;
2019-03-27 19:10:11,022 [main] [org.springframework.beans.factory.support.DefaultListableBeanFactory]-[DEBUG] Creating shared instance of singleton bean &apos;dataSource&apos;
2019-03-27 19:10:11,023 [main] [org.springframework.beans.factory.support.DefaultListableBeanFactory]-[DEBUG] Creating instance of bean &apos;dataSource&apos;
2019-03-27 19:10:11,024 [main] [org.springframework.beans.factory.support.DefaultListableBeanFactory]-[DEBUG] Creating shared instance of singleton bean &apos;org.springframework.aop.support.DefaultBeanFactoryPointcutAdvisor#0&apos;
2019-03-27 19:10:11,043 [main] [org.springframework.beans.factory.support.DefaultListableBeanFactory]-[DEBUG] Creating instance of bean &apos;org.springframework.aop.support.DefaultBeanFactoryPointcutAdvisor#0&apos;
2019-03-27 19:10:11,046 [main] [org.springframework.beans.factory.support.DefaultListableBeanFactory]-[DEBUG] Eagerly caching bean &apos;org.springframework.aop.support.DefaultBeanFactoryPointcutAdvisor#0&apos; to allow for resolving potential circular references
2019-03-27 19:10:11,067 [main] [org.springframework.beans.factory.support.DefaultListableBeanFactory]-[DEBUG] Creating instance of bean &apos;(inner bean)#41d477ed&apos;
2019-03-27 19:10:11,101 [main] [org.springframework.beans.factory.support.DefaultListableBeanFactory]-[DEBUG] Finished creating instance of bean &apos;(inner bean)#41d477ed&apos;
2019-03-27 19:10:11,102 [main] [org.springframework.beans.factory.support.DefaultListableBeanFactory]-[DEBUG] Finished creating instance of bean &apos;org.springframework.aop.support.DefaultBeanFactoryPointcutAdvisor#0&apos;
2019-03-27 19:10:11,294 [main] [org.springframework.beans.factory.support.DefaultListableBeanFactory]-[DEBUG] Eagerly caching bean &apos;dataSource&apos; to allow for resolving potential circular references
2019-03-27 19:10:11,355 [main] [org.springframework.beans.factory.support.DefaultListableBeanFactory]-[DEBUG] Returning cached instance of singleton bean &apos;org.springframework.aop.support.DefaultBeanFactoryPointcutAdvisor#0&apos;
2019-03-27 19:10:11,355 [main] [org.springframework.beans.factory.support.DefaultListableBeanFactory]-[DEBUG] Returning cached instance of singleton bean &apos;org.springframework.aop.support.DefaultBeanFactoryPointcutAdvisor#0&apos;
2019-03-27 19:10:11,662 [main] [org.springframework.beans.factory.support.DefaultListableBeanFactory]-[DEBUG] Finished creating instance of bean &apos;dataSource&apos;
2019-03-27 19:10:11,663 [main] [org.springframework.beans.factory.support.DefaultListableBeanFactory]-[DEBUG] Creating shared instance of singleton bean &apos;sqlSessionFactory&apos;
2019-03-27 19:10:11,663 [main] [org.springframework.beans.factory.support.DefaultListableBeanFactory]-[DEBUG] Creating instance of bean &apos;sqlSessionFactory&apos;
2019-03-27 19:10:11,663 [main] [org.springframework.beans.factory.support.DefaultListableBeanFactory]-[DEBUG] Returning cached instance of singleton bean &apos;org.springframework.aop.support.DefaultBeanFactoryPointcutAdvisor#0&apos;
2019-03-27 19:10:11,794 [main] [org.apache.ibatis.logging.LogFactory]-[DEBUG] Logging initialized using &apos;class org.apache.ibatis.logging.slf4j.Slf4jImpl&apos; adapter.
2019-03-27 19:10:11,799 [main] [org.springframework.beans.factory.support.DefaultListableBeanFactory]-[DEBUG] Eagerly caching bean &apos;sqlSessionFactory&apos; to allow for resolving potential circular references
2019-03-27 19:10:11,809 [main] [org.springframework.beans.factory.support.DefaultListableBeanFactory]-[DEBUG] Returning cached instance of singleton bean &apos;dataSource&apos;
2019-03-27 19:10:11,811 [main] [org.springframework.beans.factory.support.DefaultListableBeanFactory]-[DEBUG] Invoking afterPropertiesSet() on bean with name &apos;sqlSessionFactory&apos;
2019-03-27 19:10:12,012 [main] [org.mybatis.spring.SqlSessionFactoryBean]-[DEBUG] Parsed configuration file: &apos;class path resource [mybatis/SqlMapConfig.xml]&apos;
2019-03-27 19:10:12,014 [main] [org.mybatis.spring.SqlSessionFactoryBean]-[DEBUG] Property &apos;mapperLocations&apos; was not specified or no matching resources found
2019-03-27 19:10:12,014 [main] [org.springframework.beans.factory.support.DefaultListableBeanFactory]-[DEBUG] Returning cached instance of singleton bean &apos;org.springframework.aop.support.DefaultBeanFactoryPointcutAdvisor#0&apos;
2019-03-27 19:10:12,015 [main] [org.springframework.beans.factory.support.DefaultListableBeanFactory]-[DEBUG] Returning cached instance of singleton bean &apos;org.springframework.aop.support.DefaultBeanFactoryPointcutAdvisor#0&apos;
2019-03-27 19:10:12,018 [main] [org.springframework.beans.factory.support.DefaultListableBeanFactory]-[DEBUG] Finished creating instance of bean &apos;sqlSessionFactory&apos;
2019-03-27 19:10:12,019 [main] [org.springframework.beans.factory.support.DefaultListableBeanFactory]-[DEBUG] Returning cached instance of singleton bean &apos;org.mybatis.spring.mapper.MapperScannerConfigurer#0&apos;
2019-03-27 19:10:12,019 [main] [org.springframework.beans.factory.support.DefaultListableBeanFactory]-[DEBUG] Creating shared instance of singleton bean &apos;contentServiceImpl&apos;
2019-03-27 19:10:12,019 [main] [org.springframework.beans.factory.support.DefaultListableBeanFactory]-[DEBUG] Creating instance of bean &apos;contentServiceImpl&apos;
2019-03-27 19:10:12,019 [main] [org.springframework.beans.factory.support.DefaultListableBeanFactory]-[DEBUG] Returning cached instance of singleton bean &apos;org.springframework.aop.support.DefaultBeanFactoryPointcutAdvisor#0&apos;
2019-03-27 19:10:12,027 [main] [org.springframework.beans.factory.annotation.InjectionMetadata]-[DEBUG] Registered injected element on class [com.taotao.service.pojo.ContentServiceImpl]: AutowiredFieldElement for private com.taotao.mapper.TbContentMapper com.taotao.service.pojo.ContentServiceImpl.contentMapper
2019-03-27 19:10:12,027 [main] [org.springframework.beans.factory.annotation.InjectionMetadata]-[DEBUG] Registered injected element on class [com.taotao.service.pojo.ContentServiceImpl]: AutowiredFieldElement for private java.lang.String com.taotao.service.pojo.ContentServiceImpl.REST_BASE_URL
2019-03-27 19:10:12,027 [main] [org.springframework.beans.factory.annotation.InjectionMetadata]-[DEBUG] Registered injected element on class [com.taotao.service.pojo.ContentServiceImpl]: AutowiredFieldElement for private java.lang.String com.taotao.service.pojo.ContentServiceImpl.REST_CONTENT_SYNC_URL
2019-03-27 19:10:12,028 [main] [org.springframework.beans.factory.support.DefaultListableBeanFactory]-[DEBUG] Eagerly caching bean &apos;contentServiceImpl&apos; to allow for resolving potential circular references
2019-03-27 19:10:12,029 [main] [org.springframework.beans.factory.annotation.InjectionMetadata]-[DEBUG] Processing injected method of bean &apos;contentServiceImpl&apos;: AutowiredFieldElement for private com.taotao.mapper.TbContentMapper com.taotao.service.pojo.ContentServiceImpl.contentMapper
2019-03-27 19:10:12,032 [main] [org.springframework.beans.factory.support.DefaultListableBeanFactory]-[DEBUG] Returning cached instance of singleton bean &apos;org.springframework.aop.support.DefaultBeanFactoryPointcutAdvisor#0&apos;
2019-03-27 19:10:12,038 [main] [org.springframework.beans.factory.support.DefaultListableBeanFactory]-[DEBUG] Returning cached instance of singleton bean &apos;org.springframework.aop.support.DefaultBeanFactoryPointcutAdvisor#0&apos;
2019-03-27 19:10:12,039 [main] [org.springframework.beans.factory.support.DefaultListableBeanFactory]-[DEBUG] Returning cached instance of singleton bean &apos;org.springframework.aop.support.DefaultBeanFactoryPointcutAdvisor#0&apos;
2019-03-27 19:10:12,039 [main] [org.springframework.beans.factory.support.DefaultListableBeanFactory]-[DEBUG] Returning cached instance of singleton bean &apos;org.springframework.aop.support.DefaultBeanFactoryPointcutAdvisor#0&apos;
2019-03-27 19:10:12,040 [main] [org.springframework.beans.factory.support.DefaultListableBeanFactory]-[DEBUG] Returning cached instance of singleton bean &apos;org.springframework.aop.support.DefaultBeanFactoryPointcutAdvisor#0&apos;
2019-03-27 19:10:12,041 [main] [org.springframework.beans.factory.support.DefaultListableBeanFactory]-[DEBUG] Returning cached instance of singleton bean &apos;org.springframework.aop.support.DefaultBeanFactoryPointcutAdvisor#0&apos;
2019-03-27 19:10:12,042 [main] [org.springframework.beans.factory.support.DefaultListableBeanFactory]-[DEBUG] Returning cached instance of singleton bean &apos;org.springframework.aop.support.DefaultBeanFactoryPointcutAdvisor#0&apos;
2019-03-27 19:10:12,043 [main] [org.springframework.beans.factory.support.DefaultListableBeanFactory]-[DEBUG] Returning cached instance of singleton bean &apos;org.springframework.aop.support.DefaultBeanFactoryPointcutAdvisor#0&apos;
2019-03-27 19:10:12,044 [main] [org.springframework.beans.factory.support.DefaultListableBeanFactory]-[DEBUG] Returning cached instance of singleton bean &apos;org.springframework.aop.support.DefaultBeanFactoryPointcutAdvisor#0&apos;
2019-03-27 19:10:12,045 [main] [org.springframework.beans.factory.support.DefaultListableBeanFactory]-[DEBUG] Returning cached instance of singleton bean &apos;org.springframework.aop.support.DefaultBeanFactoryPointcutAdvisor#0&apos;
2019-03-27 19:10:12,045 [main] [org.springframework.beans.factory.support.DefaultListableBeanFactory]-[DEBUG] Returning cached instance of singleton bean &apos;org.springframework.aop.support.DefaultBeanFactoryPointcutAdvisor#0&apos;
2019-03-27 19:10:12,047 [main] [org.springframework.beans.factory.support.DefaultListableBeanFactory]-[DEBUG] Creating shared instance of singleton bean &apos;tbContentMapper&apos;
2019-03-27 19:10:12,047 [main] [org.springframework.beans.factory.support.DefaultListableBeanFactory]-[DEBUG] Creating instance of bean &apos;tbContentMapper&apos;
2019-03-27 19:10:12,047 [main] [org.springframework.beans.factory.support.DefaultListableBeanFactory]-[DEBUG] Eagerly caching bean &apos;tbContentMapper&apos; to allow for resolving potential circular references
2019-03-27 19:10:12,055 [main] [org.springframework.beans.factory.support.DefaultListableBeanFactory]-[DEBUG] Returning cached instance of singleton bean &apos;org.springframework.aop.support.DefaultBeanFactoryPointcutAdvisor#0&apos;
2019-03-27 19:10:12,055 [main] [org.springframework.beans.factory.support.DefaultListableBeanFactory]-[DEBUG] Returning cached instance of singleton bean &apos;org.springframework.aop.support.DefaultBeanFactoryPointcutAdvisor#0&apos;
2019-03-27 19:10:12,057 [main] [org.springframework.beans.factory.support.DefaultListableBeanFactory]-[DEBUG] Returning eagerly cached instance of singleton bean &apos;tbContentMapper&apos; that is not fully initialized yet - a consequence of a circular reference
2019-03-27 19:10:12,057 [main] [org.springframework.beans.factory.support.DefaultListableBeanFactory]-[DEBUG] Returning cached instance of singleton bean &apos;sqlSessionFactory&apos;
2019-03-27 19:10:12,057 [main] [org.springframework.beans.factory.support.DefaultListableBeanFactory]-[DEBUG] Returning cached instance of singleton bean &apos;org.springframework.aop.support.DefaultBeanFactoryPointcutAdvisor#0&apos;
2019-03-27 19:10:12,057 [main] [org.springframework.beans.factory.support.DefaultListableBeanFactory]-[DEBUG] Returning cached instance of singleton bean &apos;org.springframework.aop.support.DefaultBeanFactoryPointcutAdvisor#0&apos;
2019-03-27 19:10:12,059 [main] [org.springframework.beans.factory.support.DefaultListableBeanFactory]-[DEBUG] Autowiring by type from bean name &apos;tbContentMapper&apos; via property &apos;sqlSessionFactory&apos; to bean named &apos;sqlSessionFactory&apos;
2019-03-27 19:10:12,077 [main] [org.springframework.beans.factory.support.DefaultListableBeanFactory]-[DEBUG] Invoking afterPropertiesSet() on bean with name &apos;tbContentMapper&apos;
2019-03-27 19:10:12,215 [main] [org.springframework.beans.factory.support.DefaultListableBeanFactory]-[DEBUG] Finished creating instance of bean &apos;tbContentMapper&apos;
2019-03-27 19:10:12,217 [main] [org.springframework.beans.factory.support.DefaultListableBeanFactory]-[DEBUG] Returning cached instance of singleton bean &apos;org.springframework.aop.support.DefaultBeanFactoryPointcutAdvisor#0&apos;
2019-03-27 19:10:12,217 [main] [org.springframework.beans.factory.support.DefaultListableBeanFactory]-[DEBUG] Returning cached instance of singleton bean &apos;org.springframework.aop.support.DefaultBeanFactoryPointcutAdvisor#0&apos;
2019-03-27 19:10:12,220 [main] [org.springframework.beans.factory.annotation.AutowiredAnnotationBeanPostProcessor]-[DEBUG] Autowiring by type from bean name &apos;contentServiceImpl&apos; to bean named &apos;tbContentMapper&apos;
2019-03-27 19:10:12,221 [main] [org.springframework.beans.factory.annotation.InjectionMetadata]-[DEBUG] Processing injected method of bean &apos;contentServiceImpl&apos;: AutowiredFieldElement for private java.lang.String com.taotao.service.pojo.ContentServiceImpl.REST_BASE_URL
2019-03-27 19:10:12,221 [main] [org.springframework.core.env.PropertySourcesPropertyResolver]-[DEBUG] Searching for key &apos;REST_BASE_URL&apos; in [environmentProperties]
2019-03-27 19:10:12,221 [main] [org.springframework.core.env.PropertySourcesPropertyResolver]-[DEBUG] Searching for key &apos;REST_BASE_URL&apos; in [systemProperties]
2019-03-27 19:10:12,222 [main] [org.springframework.core.env.PropertySourcesPropertyResolver]-[DEBUG] Searching for key &apos;REST_BASE_URL&apos; in [systemEnvironment]
2019-03-27 19:10:12,222 [main] [org.springframework.core.env.PropertySourcesPropertyResolver]-[DEBUG] Could not find key &apos;REST_BASE_URL&apos; in any property source. Returning [null]
2019-03-27 19:10:12,222 [main] [org.springframework.core.env.PropertySourcesPropertyResolver]-[DEBUG] Searching for key &apos;REST_BASE_URL&apos; in [localProperties]
2019-03-27 19:10:12,222 [main] [org.springframework.core.env.PropertySourcesPropertyResolver]-[DEBUG] Found key &apos;REST_BASE_URL&apos; in [localProperties] with type [String] and value &apos;http://localhost:8081/rest&apos;
2019-03-27 19:10:12,223 [main] [org.springframework.beans.factory.annotation.InjectionMetadata]-[DEBUG] Processing injected method of bean &apos;contentServiceImpl&apos;: AutowiredFieldElement for private java.lang.String com.taotao.service.pojo.ContentServiceImpl.REST_CONTENT_SYNC_URL
2019-03-27 19:10:12,223 [main] [org.springframework.core.env.PropertySourcesPropertyResolver]-[DEBUG] Searching for key &apos;REST_CONTENT_SYNC_URL&apos; in [environmentProperties]
2019-03-27 19:10:12,223 [main] [org.springframework.core.env.PropertySourcesPropertyResolver]-[DEBUG] Searching for key &apos;REST_CONTENT_SYNC_URL&apos; in [systemProperties]
2019-03-27 19:10:12,223 [main] [org.springframework.core.env.PropertySourcesPropertyResolver]-[DEBUG] Searching for key &apos;REST_CONTENT_SYNC_URL&apos; in [systemEnvironment]
2019-03-27 19:10:12,223 [main] [org.springframework.core.env.PropertySourcesPropertyResolver]-[DEBUG] Could not find key &apos;REST_CONTENT_SYNC_URL&apos; in any property source. Returning [null]
2019-03-27 19:10:12,223 [main] [org.springframework.core.env.PropertySourcesPropertyResolver]-[DEBUG] Searching for key &apos;REST_CONTENT_SYNC_URL&apos; in [localProperties]
2019-03-27 19:10:12,224 [main] [org.springframework.core.env.PropertySourcesPropertyResolver]-[DEBUG] Found key &apos;REST_CONTENT_SYNC_URL&apos; in [localProperties] with type [String] and value &apos;/cache/sync/content/&apos;
2019-03-27 19:10:12,224 [main] [org.springframework.beans.factory.support.DefaultListableBeanFactory]-[DEBUG] Returning cached instance of singleton bean &apos;org.springframework.aop.support.DefaultBeanFactoryPointcutAdvisor#0&apos;
2019-03-27 19:10:12,224 [main] [org.springframework.beans.factory.support.DefaultListableBeanFactory]-[DEBUG] Returning cached instance of singleton bean &apos;org.springframework.aop.support.DefaultBeanFactoryPointcutAdvisor#0&apos;
2019-03-27 19:10:12,226 [main] [org.springframework.beans.factory.support.DefaultListableBeanFactory]-[DEBUG] Creating shared instance of singleton bean &apos;txAdvice&apos;
2019-03-27 19:10:12,227 [main] [org.springframework.beans.factory.support.DefaultListableBeanFactory]-[DEBUG] Creating instance of bean &apos;txAdvice&apos;
2019-03-27 19:10:12,229 [main] [org.springframework.beans.factory.support.DefaultListableBeanFactory]-[DEBUG] Eagerly caching bean &apos;txAdvice&apos; to allow for resolving potential circular references
2019-03-27 19:10:12,232 [main] [org.springframework.beans.factory.support.DefaultListableBeanFactory]-[DEBUG] Creating shared instance of singleton bean &apos;transactionManager&apos;
2019-03-27 19:10:12,233 [main] [org.springframework.beans.factory.support.DefaultListableBeanFactory]-[DEBUG] Creating instance of bean &apos;transactionManager&apos;
2019-03-27 19:10:12,233 [main] [org.springframework.beans.factory.support.DefaultListableBeanFactory]-[DEBUG] Returning cached instance of singleton bean &apos;org.springframework.aop.support.DefaultBeanFactoryPointcutAdvisor#0&apos;
2019-03-27 19:10:12,237 [main] [org.springframework.beans.factory.support.DefaultListableBeanFactory]-[DEBUG] Eagerly caching bean &apos;transactionManager&apos; to allow for resolving potential circular references
2019-03-27 19:10:12,240 [main] [org.springframework.beans.factory.support.DefaultListableBeanFactory]-[DEBUG] Returning cached instance of singleton bean &apos;dataSource&apos;
2019-03-27 19:10:12,240 [main] [org.springframework.beans.factory.support.DefaultListableBeanFactory]-[DEBUG] Invoking afterPropertiesSet() on bean with name &apos;transactionManager&apos;
2019-03-27 19:10:12,240 [main] [org.springframework.beans.factory.support.DefaultListableBeanFactory]-[DEBUG] Returning cached instance of singleton bean &apos;org.springframework.aop.support.DefaultBeanFactoryPointcutAdvisor#0&apos;
2019-03-27 19:10:12,241 [main] [org.springframework.beans.factory.support.DefaultListableBeanFactory]-[DEBUG] Returning cached instance of singleton bean &apos;org.springframework.aop.support.DefaultBeanFactoryPointcutAdvisor#0&apos;
2019-03-27 19:10:12,242 [main] [org.springframework.beans.factory.support.DefaultListableBeanFactory]-[DEBUG] Finished creating instance of bean &apos;transactionManager&apos;
2019-03-27 19:10:12,243 [main] [org.springframework.beans.factory.support.DefaultListableBeanFactory]-[DEBUG] Creating instance of bean &apos;(inner bean)#2609b277&apos;
2019-03-27 19:10:12,243 [main] [org.springframework.beans.factory.support.DefaultListableBeanFactory]-[DEBUG] Returning cached instance of singleton bean &apos;org.springframework.aop.support.DefaultBeanFactoryPointcutAdvisor#0&apos;
2019-03-27 19:10:12,248 [main] [org.springframework.transaction.interceptor.NameMatchTransactionAttributeSource]-[DEBUG] Adding transactional method [save*] with attribute [PROPAGATION_REQUIRED,ISOLATION_DEFAULT]
2019-03-27 19:10:12,248 [main] [org.springframework.transaction.interceptor.NameMatchTransactionAttributeSource]-[DEBUG] Adding transactional method [insert*] with attribute [PROPAGATION_REQUIRED,ISOLATION_DEFAULT]
2019-03-27 19:10:12,248 [main] [org.springframework.transaction.interceptor.NameMatchTransactionAttributeSource]-[DEBUG] Adding transactional method [add*] with attribute [PROPAGATION_REQUIRED,ISOLATION_DEFAULT]
2019-03-27 19:10:12,248 [main] [org.springframework.transaction.interceptor.NameMatchTransactionAttributeSource]-[DEBUG] Adding transactional method [create*] with attribute [PROPAGATION_REQUIRED,ISOLATION_DEFAULT]
2019-03-27 19:10:12,248 [main] [org.springframework.transaction.interceptor.NameMatchTransactionAttributeSource]-[DEBUG] Adding transactional method [delete*] with attribute [PROPAGATION_REQUIRED,ISOLATION_DEFAULT]
2019-03-27 19:10:12,248 [main] [org.springframework.transaction.interceptor.NameMatchTransactionAttributeSource]-[DEBUG] Adding transactional method [update*] with attribute [PROPAGATION_REQUIRED,ISOLATION_DEFAULT]
2019-03-27 19:10:12,248 [main] [org.springframework.transaction.interceptor.NameMatchTransactionAttributeSource]-[DEBUG] Adding transactional method [find*] with attribute [PROPAGATION_SUPPORTS,ISOLATION_DEFAULT,readOnly]
2019-03-27 19:10:12,248 [main] [org.springframework.transaction.interceptor.NameMatchTransactionAttributeSource]-[DEBUG] Adding transactional method [select*] with attribute [PROPAGATION_SUPPORTS,ISOLATION_DEFAULT,readOnly]
2019-03-27 19:10:12,249 [main] [org.springframework.transaction.interceptor.NameMatchTransactionAttributeSource]-[DEBUG] Adding transactional method [get*] with attribute [PROPAGATION_SUPPORTS,ISOLATION_DEFAULT,readOnly]
2019-03-27 19:10:12,249 [main] [org.springframework.beans.factory.support.DefaultListableBeanFactory]-[DEBUG] Returning cached instance of singleton bean &apos;org.springframework.aop.support.DefaultBeanFactoryPointcutAdvisor#0&apos;
2019-03-27 19:10:12,249 [main] [org.springframework.beans.factory.support.DefaultListableBeanFactory]-[DEBUG] Returning cached instance of singleton bean &apos;org.springframework.aop.support.DefaultBeanFactoryPointcutAdvisor#0&apos;
2019-03-27 19:10:12,250 [main] [org.springframework.beans.factory.support.DefaultListableBeanFactory]-[DEBUG] Finished creating instance of bean &apos;(inner bean)#2609b277&apos;
2019-03-27 19:10:12,250 [main] [org.springframework.beans.factory.support.DefaultListableBeanFactory]-[DEBUG] Invoking afterPropertiesSet() on bean with name &apos;txAdvice&apos;
2019-03-27 19:10:12,251 [main] [org.springframework.beans.factory.support.DefaultListableBeanFactory]-[DEBUG] Finished creating instance of bean &apos;txAdvice&apos;
[...]
2019-03-27 19:10:12,555 [main] [org.springframework.core.env.PropertySourcesPropertyResolver]-[DEBUG] Searching for key &apos;FTP_PORT&apos; in [localProperties]
2019-03-27 19:10:12,555 [main] [org.springframework.core.env.PropertySourcesPropertyResolver]-[DEBUG] Found key &apos;FTP_PORT&apos; in [localProperties] with type [String] and value &apos;21&apos;
2019-03-27 19:10:12,555 [main] [org.springframework.beans.factory.annotation.InjectionMetadata]-[DEBUG] Processing injected method of bean &apos;pictureServiceImpl&apos;: AutowiredFieldElement for private java.lang.String com.taotao.service.pojo.PictureServiceImpl.FTP_USERNAME
2019-03-27 19:10:12,556 [main] [org.springframework.core.env.PropertySourcesPropertyResolver]-[DEBUG] Searching for key &apos;FTP_USERNAME&apos; in [environmentProperties]
2019-03-27 19:10:12,556 [main] [org.springframework.core.env.PropertySourcesPropertyResolver]-[DEBUG] Searching for key &apos;FTP_USERNAME&apos; in [systemProperties]
2019-03-27 19:10:12,556 [main] [org.springframework.core.env.PropertySourcesPropertyResolver]-[DEBUG] Searching for key &apos;FTP_USERNAME&apos; in [systemEnvironment]
2019-03-27 19:10:12,556 [main] [org.springframework.core.env.PropertySourcesPropertyResolver]-[DEBUG] Could not find key &apos;FTP_USERNAME&apos; in any property source. Returning [null]
2019-03-27 19:10:12,556 [main] [org.springframework.core.env.PropertySourcesPropertyResolver]-[DEBUG] Searching for key &apos;FTP_USERNAME&apos; in [localProperties]
2019-03-27 19:10:12,556 [main] [org.springframework.core.env.PropertySourcesPropertyResolver]-[DEBUG] Found key &apos;FTP_USERNAME&apos; in [localProperties] with type [String] and value &apos;ftpuser&apos;
2019-03-27 19:10:12,556 [main] [org.springframework.beans.factory.annotation.InjectionMetadata]-[DEBUG] Processing injected method of bean &apos;pictureServiceImpl&apos;: AutowiredFieldElement for private java.lang.String com.taotao.service.pojo.PictureServiceImpl.FTP_PASSWORD
2019-03-27 19:10:12,557 [main] [org.springframework.core.env.PropertySourcesPropertyResolver]-[DEBUG] Searching for key &apos;FTP_PASSWORD&apos; in [environmentProperties]
2019-03-27 19:10:12,557 [main] [org.springframework.core.env.PropertySourcesPropertyResolver]-[DEBUG] Searching for key &apos;FTP_PASSWORD&apos; in [systemProperties]
2019-03-27 19:10:12,557 [main] [org.springframework.core.env.PropertySourcesPropertyResolver]-[DEBUG] Searching for key &apos;FTP_PASSWORD&apos; in [systemEnvironment]
2019-03-27 19:10:12,557 [main] [org.springframework.core.env.PropertySourcesPropertyResolver]-[DEBUG] Could not find key &apos;FTP_PASSWORD&apos; in any property source. Returning [null]
2019-03-27 19:10:12,557 [main] [org.springframework.core.env.PropertySourcesPropertyResolver]-[DEBUG] Searching for key &apos;FTP_PASSWORD&apos; in [localProperties]
2019-03-27 19:10:12,557 [main] [org.springframework.core.env.PropertySourcesPropertyResolver]-[DEBUG] Found key &apos;FTP_PASSWORD&apos; in [localProperties] with type [String] and value &apos;root&apos;
2019-03-27 19:10:12,557 [main] [org.springframework.beans.factory.annotation.InjectionMetadata]-[DEBUG] Processing injected method of bean &apos;pictureServiceImpl&apos;: AutowiredFieldElement for private java.lang.String com.taotao.service.pojo.PictureServiceImpl.FTP_BASE_PATH
2019-03-27 19:10:12,558 [main] [org.springframework.core.env.PropertySourcesPropertyResolver]-[DEBUG] Searching for key &apos;FTP_BASE_PATH&apos; in [environmentProperties]
2019-03-27 19:10:12,558 [main] [org.springframework.core.env.PropertySourcesPropertyResolver]-[DEBUG] Searching for key &apos;FTP_BASE_PATH&apos; in [systemProperties]
2019-03-27 19:10:12,558 [main] [org.springframework.core.env.PropertySourcesPropertyResolver]-[DEBUG] Searching for key &apos;FTP_BASE_PATH&apos; in [systemEnvironment]
2019-03-27 19:10:12,558 [main] [org.springframework.core.env.PropertySourcesPropertyResolver]-[DEBUG] Could not find key &apos;FTP_BASE_PATH&apos; in any property source. Returning [null]
2019-03-27 19:10:12,558 [main] [org.springframework.core.env.PropertySourcesPropertyResolver]-[DEBUG] Searching for key &apos;FTP_BASE_PATH&apos; in [localProperties]
2019-03-27 19:10:12,559 [main] [org.springframework.core.env.PropertySourcesPropertyResolver]-[DEBUG] Found key &apos;FTP_BASE_PATH&apos; in [localProperties] with type [String] and value &apos;/home/ftpuser/www/images&apos;
2019-03-27 19:10:12,559 [main] [org.springframework.beans.factory.annotation.InjectionMetadata]-[DEBUG] Processing injected method of bean &apos;pictureServiceImpl&apos;: AutowiredFieldElement for private java.lang.String com.taotao.service.pojo.PictureServiceImpl.IMAGE_BASE_URL
2019-03-27 19:10:12,559 [main] [org.springframework.core.env.PropertySourcesPropertyResolver]-[DEBUG] Searching for key &apos;IMAGE_BASE_URL&apos; in [environmentProperties]
2019-03-27 19:10:12,559 [main] [org.springframework.core.env.PropertySourcesPropertyResolver]-[DEBUG] Searching for key &apos;IMAGE_BASE_URL&apos; in [systemProperties]
2019-03-27 19:10:12,559 [main] [org.springframework.core.env.PropertySourcesPropertyResolver]-[DEBUG] Searching for key &apos;IMAGE_BASE_URL&apos; in [systemEnvironment]
2019-03-27 19:10:12,559 [main] [org.springframework.core.env.PropertySourcesPropertyResolver]-[DEBUG] Could not find key &apos;IMAGE_BASE_URL&apos; in any property source. Returning [null]
2019-03-27 19:10:12,560 [main] [org.springframework.core.env.PropertySourcesPropertyResolver]-[DEBUG] Searching for key &apos;IMAGE_BASE_URL&apos; in [localProperties]
2019-03-27 19:10:12,560 [main] [org.springframework.core.env.PropertySourcesPropertyResolver]-[DEBUG] Found key &apos;IMAGE_BASE_URL&apos; in [localProperties] with type [String] and value &apos;http://192.168.0.128/images&apos;
2019-03-27 19:10:12,560 [main] [org.springframework.beans.factory.support.DefaultListableBeanFactory]-[DEBUG] Returning cached instance of singleton bean &apos;org.springframework.aop.support.DefaultBeanFactoryPointcutAdvisor#0&apos;
2019-03-27 19:10:12,560 [main] [org.springframework.beans.factory.support.DefaultListableBeanFactory]-[DEBUG] Returning cached instance of singleton bean &apos;org.springframework.aop.support.DefaultBeanFactoryPointcutAdvisor#0&apos;
2019-03-27 19:10:12,561 [main] [org.springframework.aop.aspectj.autoproxy.AspectJAwareAdvisorAutoProxyCreator]-[DEBUG] Creating implicit proxy for bean &apos;pictureServiceImpl&apos; with 0 common interceptors and 2 specific interceptors
2019-03-27 19:10:12,561 [main] [org.springframework.aop.framework.JdkDynamicAopProxy]-[DEBUG] Creating JDK dynamic proxy: target source is SingletonTargetSource for target object [com.taotao.service.pojo.PictureServiceImpl@73302995]
2019-03-27 19:10:12,565 [main] [org.springframework.beans.factory.support.DefaultListableBeanFactory]-[DEBUG] Finished creating instance of bean &apos;pictureServiceImpl&apos;
2019-03-27 19:10:12,565 [main] [org.springframework.beans.factory.support.DefaultListableBeanFactory]-[DEBUG] Returning cached instance of singleton bean &apos;org.springframework.context.annotation.internalConfigurationAnnotationProcessor&apos;
2019-03-27 19:10:12,565 [main] [org.springframework.beans.factory.support.DefaultListableBeanFactory]-[DEBUG] Returning cached instance of singleton bean &apos;org.springframework.context.annotation.internalAutowiredAnnotationProcessor&apos;
2019-03-27 19:10:12,565 [main] [org.springframework.beans.factory.support.DefaultListableBeanFactory]-[DEBUG] Returning cached instance of singleton bean &apos;org.springframework.context.annotation.internalRequiredAnnotationProcessor&apos;
2019-03-27 19:10:12,565 [main] [org.springframework.beans.factory.support.DefaultListableBeanFactory]-[DEBUG] Returning cached instance of singleton bean &apos;org.springframework.context.annotation.internalCommonAnnotationProcessor&apos;
2019-03-27 19:10:12,565 [main] [org.springframework.beans.factory.support.DefaultListableBeanFactory]-[DEBUG] Returning cached instance of singleton bean &apos;transactionManager&apos;
2019-03-27 19:10:12,565 [main] [org.springframework.beans.factory.support.DefaultListableBeanFactory]-[DEBUG] Returning cached instance of singleton bean &apos;txAdvice&apos;
2019-03-27 19:10:12,566 [main] [org.springframework.beans.factory.support.DefaultListableBeanFactory]-[DEBUG] Returning cached instance of singleton bean &apos;org.springframework.aop.config.internalAutoProxyCreator&apos;
2019-03-27 19:10:12,566 [main] [org.springframework.beans.factory.support.DefaultListableBeanFactory]-[DEBUG] Returning cached instance of singleton bean &apos;org.springframework.aop.support.DefaultBeanFactoryPointcutAdvisor#0&apos;
2019-03-27 19:10:12,566 [main] [org.springframework.beans.factory.support.DefaultListableBeanFactory]-[DEBUG] Returning cached instance of singleton bean &apos;org.springframework.context.annotation.ConfigurationClassPostProcessor.importAwareProcessor&apos;
2019-03-27 19:10:12,566 [main] [org.springframework.beans.factory.support.DefaultListableBeanFactory]-[DEBUG] Returning cached instance of singleton bean &apos;org.springframework.context.annotation.ConfigurationClassPostProcessor.enhancedConfigurationProcessor&apos;
2019-03-27 19:10:12,566 [main] [org.springframework.beans.factory.support.DefaultListableBeanFactory]-[DEBUG] Returning cached instance of singleton bean &apos;tbContentCategoryMapper&apos;
2019-03-27 19:10:12,566 [main] [org.springframework.beans.factory.support.DefaultListableBeanFactory]-[DEBUG] Returning cached instance of singleton bean &apos;tbContentMapper&apos;
2019-03-27 19:10:12,566 [main] [org.springframework.beans.factory.support.DefaultListableBeanFactory]-[DEBUG] Returning cached instance of singleton bean &apos;tbItemCatMapper&apos;
2019-03-27 19:10:12,566 [main] [org.springframework.beans.factory.support.DefaultListableBeanFactory]-[DEBUG] Returning cached instance of singleton bean &apos;tbItemDescMapper&apos;
2019-03-27 19:10:12,566 [main] [org.springframework.beans.factory.support.DefaultListableBeanFactory]-[DEBUG] Returning cached instance of singleton bean &apos;tbItemMapper&apos;
2019-03-27 19:10:12,566 [main] [org.springframework.beans.factory.support.DefaultListableBeanFactory]-[DEBUG] Returning cached instance of singleton bean &apos;tbItemParamItemMapper&apos;
2019-03-27 19:10:12,566 [main] [org.springframework.beans.factory.support.DefaultListableBeanFactory]-[DEBUG] Returning cached instance of singleton bean &apos;tbItemParamMapper&apos;
2019-03-27 19:10:12,566 [main] [org.springframework.beans.factory.support.DefaultListableBeanFactory]-[DEBUG] Creating shared instance of singleton bean &apos;tbOrderItemMapper&apos;
2019-03-27 19:10:12,567 [main] [org.springframework.beans.factory.support.DefaultListableBeanFactory]-[DEBUG] Creating instance of bean &apos;tbOrderItemMapper&apos;
2019-03-27 19:10:12,567 [main] [org.springframework.beans.factory.support.DefaultListableBeanFactory]-[DEBUG] Eagerly caching bean &apos;tbOrderItemMapper&apos; to allow for resolving potential circular references
2019-03-27 19:10:12,567 [main] [org.springframework.beans.factory.support.DefaultListableBeanFactory]-[DEBUG] Returning cached instance of singleton bean &apos;sqlSessionFactory&apos;
2019-03-27 19:10:12,567 [main] [org.springframework.beans.factory.support.DefaultListableBeanFactory]-[DEBUG] Autowiring by type from bean name &apos;tbOrderItemMapper&apos; via property &apos;sqlSessionFactory&apos; to bean named &apos;sqlSessionFactory&apos;
2019-03-27 19:10:12,568 [main] [org.springframework.beans.factory.support.DefaultListableBeanFactory]-[DEBUG] Invoking afterPropertiesSet() on bean with name &apos;tbOrderItemMapper&apos;
2019-03-27 19:10:12,578 [main] [org.springframework.beans.factory.support.DefaultListableBeanFactory]-[DEBUG] Returning cached instance of singleton bean &apos;org.springframework.aop.support.DefaultBeanFactoryPointcutAdvisor#0&apos;
2019-03-27 19:10:12,579 [main] [org.springframework.beans.factory.support.DefaultListableBeanFactory]-[DEBUG] Returning cached instance of singleton bean &apos;org.springframework.aop.support.DefaultBeanFactoryPointcutAdvisor#0&apos;
2019-03-27 19:10:12,581 [main] [org.springframework.beans.factory.support.DefaultListableBeanFactory]-[DEBUG] Finished creating instance of bean &apos;tbOrderItemMapper&apos;
2019-03-27 19:10:12,581 [main] [org.springframework.beans.factory.support.DefaultListableBeanFactory]-[DEBUG] Creating shared instance of singleton bean &apos;tbOrderMapper&apos;
2019-03-27 19:10:12,581 [main] [org.springframework.beans.factory.support.DefaultListableBeanFactory]-[DEBUG] Creating instance of bean &apos;tbOrderMapper&apos;
2019-03-27 19:10:12,581 [main] [org.springframework.beans.factory.support.DefaultListableBeanFactory]-[DEBUG] Eagerly caching bean &apos;tbOrderMapper&apos; to allow for resolving potential circular references
2019-03-27 19:10:12,582 [main] [org.springframework.beans.factory.support.DefaultListableBeanFactory]-[DEBUG] Returning cached instance of singleton bean &apos;sqlSessionFactory&apos;
2019-03-27 19:10:12,582 [main] [org.springframework.beans.factory.support.DefaultListableBeanFactory]-[DEBUG] Autowiring by type from bean name &apos;tbOrderMapper&apos; via property &apos;sqlSessionFactory&apos; to bean named &apos;sqlSessionFactory&apos;
2019-03-27 19:10:12,582 [main] [org.springframework.beans.factory.support.DefaultListableBeanFactory]-[DEBUG] Invoking afterPropertiesSet() on bean with name &apos;tbOrderMapper&apos;
2019-03-27 19:10:12,606 [main] [org.springframework.beans.factory.support.DefaultListableBeanFactory]-[DEBUG] Returning cached instance of singleton bean &apos;org.springframework.aop.support.DefaultBeanFactoryPointcutAdvisor#0&apos;
2019-03-27 19:10:12,607 [main] [org.springframework.beans.factory.support.DefaultListableBeanFactory]-[DEBUG] Returning cached instance of singleton bean &apos;org.springframework.aop.support.DefaultBeanFactoryPointcutAdvisor#0&apos;
2019-03-27 19:10:12,608 [main] [org.springframework.beans.factory.support.DefaultListableBeanFactory]-[DEBUG] Finished creating instance of bean &apos;tbOrderMapper&apos;
2019-03-27 19:10:12,609 [main] [org.springframework.beans.factory.support.DefaultListableBeanFactory]-[DEBUG] Creating shared instance of singleton bean &apos;tbOrderShippingMapper&apos;
2019-03-27 19:10:12,609 [main] [org.springframework.beans.factory.support.DefaultListableBeanFactory]-[DEBUG] Creating instance of bean &apos;tbOrderShippingMapper&apos;
2019-03-27 19:10:12,609 [main] [org.springframework.beans.factory.support.DefaultListableBeanFactory]-[DEBUG] Eagerly caching bean &apos;tbOrderShippingMapper&apos; to allow for resolving potential circular references
2019-03-27 19:10:12,610 [main] [org.springframework.beans.factory.support.DefaultListableBeanFactory]-[DEBUG] Returning cached instance of singleton bean &apos;sqlSessionFactory&apos;
2019-03-27 19:10:12,610 [main] [org.springframework.beans.factory.support.DefaultListableBeanFactory]-[DEBUG] Autowiring by type from bean name &apos;tbOrderShippingMapper&apos; via property &apos;sqlSessionFactory&apos; to bean named &apos;sqlSessionFactory&apos;
2019-03-27 19:10:12,610 [main] [org.springframework.beans.factory.support.DefaultListableBeanFactory]-[DEBUG] Invoking afterPropertiesSet() on bean with name &apos;tbOrderShippingMapper&apos;
2019-03-27 19:10:12,638 [main] [org.springframework.beans.factory.support.DefaultListableBeanFactory]-[DEBUG] Returning cached instance of singleton bean &apos;org.springframework.aop.support.DefaultBeanFactoryPointcutAdvisor#0&apos;
2019-03-27 19:10:12,643 [main] [org.springframework.beans.factory.support.DefaultListableBeanFactory]-[DEBUG] Returning cached instance of singleton bean &apos;org.springframework.aop.support.DefaultBeanFactoryPointcutAdvisor#0&apos;
2019-03-27 19:10:12,643 [main] [org.springframework.beans.factory.support.DefaultListableBeanFactory]-[DEBUG] Finished creating instance of bean &apos;tbOrderShippingMapper&apos;
2019-03-27 19:10:12,644 [main] [org.springframework.beans.factory.support.DefaultListableBeanFactory]-[DEBUG] Creating shared instance of singleton bean &apos;tbUserMapper&apos;
2019-03-27 19:10:12,644 [main] [org.springframework.beans.factory.support.DefaultListableBeanFactory]-[DEBUG] Creating instance of bean &apos;tbUserMapper&apos;
2019-03-27 19:10:12,644 [main] [org.springframework.beans.factory.support.DefaultListableBeanFactory]-[DEBUG] Eagerly caching bean &apos;tbUserMapper&apos; to allow for resolving potential circular references
2019-03-27 19:10:12,644 [main] [org.springframework.beans.factory.support.DefaultListableBeanFactory]-[DEBUG] Returning cached instance of singleton bean &apos;sqlSessionFactory&apos;
2019-03-27 19:10:12,645 [main] [org.springframework.beans.factory.support.DefaultListableBeanFactory]-[DEBUG] Autowiring by type from bean name &apos;tbUserMapper&apos; via property &apos;sqlSessionFactory&apos; to bean named &apos;sqlSessionFactory&apos;
2019-03-27 19:10:12,645 [main] [org.springframework.beans.factory.support.DefaultListableBeanFactory]-[DEBUG] Invoking afterPropertiesSet() on bean with name &apos;tbUserMapper&apos;
2019-03-27 19:10:12,694 [main] [org.springframework.beans.factory.support.DefaultListableBeanFactory]-[DEBUG] Returning cached instance of singleton bean &apos;org.springframework.aop.support.DefaultBeanFactoryPointcutAdvisor#0&apos;
2019-03-27 19:10:12,694 [main] [org.springframework.beans.factory.support.DefaultListableBeanFactory]-[DEBUG] Returning cached instance of singleton bean &apos;org.springframework.aop.support.DefaultBeanFactoryPointcutAdvisor#0&apos;
2019-03-27 19:10:12,695 [main] [org.springframework.beans.factory.support.DefaultListableBeanFactory]-[DEBUG] Finished creating instance of bean &apos;tbUserMapper&apos;
2019-03-27 19:10:12,699 [main] [org.springframework.context.support.ClassPathXmlApplicationContext]-[DEBUG] Unable to locate LifecycleProcessor with name &apos;lifecycleProcessor&apos;: using default [org.springframework.context.support.DefaultLifecycleProcessor@4671115f]
2019-03-27 19:10:12,700 [main] [org.springframework.beans.factory.support.DefaultListableBeanFactory]-[DEBUG] Returning cached instance of singleton bean &apos;lifecycleProcessor&apos;
2019-03-27 19:10:12,701 [main] [org.springframework.beans.factory.support.DefaultListableBeanFactory]-[DEBUG] Returning cached instance of singleton bean &apos;sqlSessionFactory&apos;
2019-03-27 19:10:12,704 [main] [org.springframework.core.env.PropertySourcesPropertyResolver]-[DEBUG] Searching for key &apos;spring.liveBeansView.mbeanDomain&apos; in [systemProperties]
2019-03-27 19:10:12,704 [main] [org.springframework.core.env.PropertySourcesPropertyResolver]-[DEBUG] Searching for key &apos;spring.liveBeansView.mbeanDomain&apos; in [systemEnvironment]
2019-03-27 19:10:12,705 [main] [org.springframework.core.env.PropertySourcesPropertyResolver]-[DEBUG] Could not find key &apos;spring.liveBeansView.mbeanDomain&apos; in any property source. Returning [null]
2019-03-27 19:10:12,708 [main] [org.springframework.beans.factory.support.DefaultListableBeanFactory]-[DEBUG] Returning cached instance of singleton bean &apos;tbItemMapper&apos;
2019-03-27 19:10:12,719 [main] [org.mybatis.spring.SqlSessionUtils]-[DEBUG] Creating a new SqlSession
2019-03-27 19:10:12,728 [main] [org.mybatis.spring.SqlSessionUtils]-[DEBUG] SqlSession [org.apache.ibatis.session.defaults.DefaultSqlSession@5f354bcf] was not registered for synchronization because synchronization is not active
2019-03-27 19:10:12,729 [main] [org.mybatis.spring.SqlSessionUtils]-[DEBUG] Closing non transactional SqlSession [org.apache.ibatis.session.defaults.DefaultSqlSession@5f354bcf]
</system-out>
  </testcase>
</testsuite>